Using pre-set license
Built from '2022.3/staging' branch; Version is '2022.3.16f1 (d2c21f0ef2f1) revision 13812255'; Using compiler version '192829333'; Build Type 'Release'
OS: 'Windows 11  (10.0.22621) 64bit Professional' Language: 'it' Physical Memory: 32653 MB
BatchMode: 1, IsHumanControllingUs: 0, StartBugReporterOnCrash: 0, Is64bit: 1, IsPro: 1

COMMAND LINE ARGUMENTS:
C:\Program Files\Unity\Hub\Editor\2022.3.16f1\Editor\Unity.exe
-adb2
-batchMode
-noUpm
-name
AssetImportWorker1
-projectPath
C:/Users/Fantin Jacopo/Poker-Winter-Edition
-logFile
Logs/AssetImportWorker1.log
-srvPort
54246
Successfully changed project path to: C:/Users/Fantin Jacopo/Poker-Winter-Edition
C:/Users/Fantin Jacopo/Poker-Winter-Edition
[UnityMemory] Configuration Parameters - Can be set up in boot.config
    "memorysetup-bucket-allocator-granularity=16"
    "memorysetup-bucket-allocator-bucket-count=8"
    "memorysetup-bucket-allocator-block-size=33554432"
    "memorysetup-bucket-allocator-block-count=8"
    "memorysetup-main-allocator-block-size=16777216"
    "memorysetup-thread-allocator-block-size=16777216"
    "memorysetup-gfx-main-allocator-block-size=16777216"
    "memorysetup-gfx-thread-allocator-block-size=16777216"
    "memorysetup-cache-allocator-block-size=4194304"
    "memorysetup-typetree-allocator-block-size=2097152"
    "memorysetup-profiler-bucket-allocator-granularity=16"
    "memorysetup-profiler-bucket-allocator-bucket-count=8"
    "memorysetup-profiler-bucket-allocator-block-size=33554432"
    "memorysetup-profiler-bucket-allocator-block-count=8"
    "memorysetup-profiler-allocator-block-size=16777216"
    "memorysetup-profiler-editor-allocator-block-size=1048576"
    "memorysetup-temp-allocator-size-main=16777216"
    "memorysetup-job-temp-allocator-block-size=2097152"
    "memorysetup-job-temp-allocator-block-size-background=1048576"
    "memorysetup-job-temp-allocator-reduction-small-platforms=262144"
    "memorysetup-allocator-temp-initial-block-size-main=262144"
    "memorysetup-allocator-temp-initial-block-size-worker=262144"
    "memorysetup-temp-allocator-size-background-worker=32768"
    "memorysetup-temp-allocator-size-job-worker=262144"
    "memorysetup-temp-allocator-size-preload-manager=33554432"
    "memorysetup-temp-allocator-size-nav-mesh-worker=65536"
    "memorysetup-temp-allocator-size-audio-worker=65536"
    "memorysetup-temp-allocator-size-cloud-worker=32768"
    "memorysetup-temp-allocator-size-gi-baking-worker=262144"
    "memorysetup-temp-allocator-size-gfx=262144"
Player connection [24432] Host "[IP] 192.168.1.9 [Port] 0 [Flags] 2 [Guid] 1519014592 [EditorId] 1519014592 [Version] 1048832 [Id] WindowsEditor(7,DESKTOP-4U1JB59) [Debug] 1 [PackageName] WindowsEditor [ProjectName] Editor" joined multi-casting on [225.0.0.222:54997]...

Player connection [24432] Host "[IP] 192.168.1.9 [Port] 0 [Flags] 2 [Guid] 1519014592 [EditorId] 1519014592 [Version] 1048832 [Id] WindowsEditor(7,DESKTOP-4U1JB59) [Debug] 1 [PackageName] WindowsEditor [ProjectName] Editor" joined alternative multi-casting on [225.0.0.222:34997]...

[Physics::Module] Initialized MultithreadedJobDispatcher with 11 workers.
Refreshing native plugins compatible for Editor in 10.12 ms, found 3 plugins.
Preloading 0 native plugins for Editor in 0.00 ms.
Initialize engine version: 2022.3.16f1 (d2c21f0ef2f1)
[Subsystems] Discovering subsystems at path C:/Program Files/Unity/Hub/Editor/2022.3.16f1/Editor/Data/Resources/UnitySubsystems
[Subsystems] Discovering subsystems at path C:/Users/Fantin Jacopo/Poker-Winter-Edition/Assets
GfxDevice: creating device client; threaded=0; jobified=0
Direct3D:
    Version:  Direct3D 11.0 [level 11.1]
    Renderer: NVIDIA GeForce RTX 3060 (ID=0x2487)
    Vendor:   NVIDIA
    VRAM:     12124 MB
    Driver:   31.0.15.4633
Initialize mono
Mono path[0] = 'C:/Program Files/Unity/Hub/Editor/2022.3.16f1/Editor/Data/Managed'
Mono path[1] = 'C:/Program Files/Unity/Hub/Editor/2022.3.16f1/Editor/Data/MonoBleedingEdge/lib/mono/unityjit-win32'
Mono config path = 'C:/Program Files/Unity/Hub/Editor/2022.3.16f1/Editor/Data/MonoBleedingEdge/etc'
Using monoOptions --debugger-agent=transport=dt_socket,embedding=1,server=y,suspend=n,address=127.0.0.1:56468
Begin MonoManager ReloadAssembly
Registering precompiled unity dll's ...
Register platform support module: C:/Program Files/Unity/Hub/Editor/2022.3.16f1/Editor/Data/PlaybackEngines/WebGLSupport/UnityEditor.WebGL.Extensions.dll
Register platform support module: C:/Program Files/Unity/Hub/Editor/2022.3.16f1/Editor/Data/PlaybackEngines/WindowsStandaloneSupport/UnityEditor.WindowsStandalone.Extensions.dll
Registered in 0.008513 seconds.
- Loaded All Assemblies, in  0.437 seconds
Native extension for WindowsStandalone target not found
Native extension for WebGL target not found
Mono: successfully reloaded assembly
- Finished resetting the current domain, in  0.273 seconds
Domain Reload Profiling: 708ms
	BeginReloadAssembly (154ms)
		ExecutionOrderSort (0ms)
		DisableScriptedObjects (0ms)
		BackupInstance (0ms)
		ReleaseScriptingObjects (0ms)
		CreateAndSetChildDomain (1ms)
	RebuildCommonClasses (37ms)
	RebuildNativeTypeToScriptingClass (9ms)
	initialDomainReloadingComplete (66ms)
	LoadAllAssembliesAndSetupDomain (169ms)
		LoadAssemblies (152ms)
		RebuildTransferFunctionScriptingTraits (0ms)
		AnalyzeDomain (166ms)
			TypeCache.Refresh (165ms)
				TypeCache.ScanAssembly (147ms)
			ScanForSourceGeneratedMonoScriptInfo (1ms)
			ResolveRequiredComponents (1ms)
	FinalizeReload (273ms)
		ReleaseScriptCaches (0ms)
		RebuildScriptCaches (0ms)
		SetupLoadedEditorAssemblies (213ms)
			LogAssemblyErrors (0ms)
			InitializePlatformSupportModulesInManaged (11ms)
			SetLoadedEditorAssemblies (7ms)
			RefreshPlugins (0ms)
			BeforeProcessingInitializeOnLoad (2ms)
			ProcessInitializeOnLoadAttributes (147ms)
			ProcessInitializeOnLoadMethodAttributes (47ms)
			AfterProcessingInitializeOnLoad (0ms)
			EditorAssembliesLoaded (0ms)
		ExecutionOrderSort2 (0ms)
		AwakeInstancesAfterBackupRestoration (0ms)
========================================================================
Worker process is ready to serve import requests
Begin MonoManager ReloadAssembly
- Loaded All Assemblies, in  0.720 seconds
Refreshing native plugins compatible for Editor in 3.42 ms, found 3 plugins.
Native extension for WindowsStandalone target not found
Native extension for WebGL target not found
Package Manager log level set to [2]
[Package Manager] Server::EnsureServerProcessIsRunning -- launch failed, reason: Unity was launched with the -noUpm command-line argument
[Package Manager] UpmClient::Send -- Unable to send message (not connected to UPM process).
[Package Manager] Cannot connect to Unity Package Manager local server
Mono: successfully reloaded assembly
- Finished resetting the current domain, in  0.693 seconds
Domain Reload Profiling: 1410ms
	BeginReloadAssembly (171ms)
		ExecutionOrderSort (0ms)
		DisableScriptedObjects (7ms)
		BackupInstance (0ms)
		ReleaseScriptingObjects (0ms)
		CreateAndSetChildDomain (32ms)
	RebuildCommonClasses (39ms)
	RebuildNativeTypeToScriptingClass (15ms)
	initialDomainReloadingComplete (47ms)
	LoadAllAssembliesAndSetupDomain (446ms)
		LoadAssemblies (344ms)
		RebuildTransferFunctionScriptingTraits (0ms)
		AnalyzeDomain (192ms)
			TypeCache.Refresh (170ms)
				TypeCache.ScanAssembly (152ms)
			ScanForSourceGeneratedMonoScriptInfo (17ms)
			ResolveRequiredComponents (4ms)
	FinalizeReload (693ms)
		ReleaseScriptCaches (0ms)
		RebuildScriptCaches (0ms)
		SetupLoadedEditorAssemblies (550ms)
			LogAssemblyErrors (0ms)
			InitializePlatformSupportModulesInManaged (8ms)
			SetLoadedEditorAssemblies (4ms)
			RefreshPlugins (0ms)
			BeforeProcessingInitializeOnLoad (64ms)
			ProcessInitializeOnLoadAttributes (445ms)
			ProcessInitializeOnLoadMethodAttributes (21ms)
			AfterProcessingInitializeOnLoad (8ms)
			EditorAssembliesLoaded (0ms)
		ExecutionOrderSort2 (0ms)
		AwakeInstancesAfterBackupRestoration (5ms)
Launched and connected shader compiler UnityShaderCompiler.exe after 0.05 seconds
Refreshing native plugins compatible for Editor in 7.82 ms, found 3 plugins.
Preloading 0 native plugins for Editor in 0.00 ms.
Unloading 3085 Unused Serialized files (Serialized files now loaded: 0)
Unloading 32 unused Assets / (56.9 KB). Loaded Objects now: 3546.
Memory consumption went from 122.4 MB to 122.4 MB.
Total: 4.990800 ms (FindLiveObjects: 0.251800 ms CreateObjectMapping: 0.171200 ms MarkObjects: 4.453000 ms  DeleteObjects: 0.113600 ms)

AssetImportParameters requested are different than current active one (requested -> active):
  custom:container-demuxer-ogg: 62fdf1f143b41e24485cea50d1cbac27 -> 
  custom:video-decoder-ogg-theora: a1e56fd34408186e4bbccfd4996cb3dc -> 
  custom:framework-win-MediaFoundation: 216162199b28c13a410421893ffa2e32 -> 
  custom:CustomObjectIndexerAttribute: 43b350a4d6e6d1791af0b5038c4bea17 -> 
  custom:container-demuxer-webm: 4f35f7cbe854078d1ac9338744f61a02 -> 
  custom:container-muxer-webm: aa71ff27fc2769a1b78a27578f13a17b -> 
  custom:video-decoder-webm-vp8: 9c59270c3fd7afecdb556c50c9e8de78 -> 
  custom:SearchIndexIgnoredProperties: e643bd26f0fe6173181afceb89e7c659 -> 
  custom:AudioImporter_EditorPlatform: d09bf68614088b80899f8185d706f6e7 -> 
  custom:video-encoder-webm-vp8: eb34c28f22e8b96e1ab97ce403110664 -> 
  custom:audio-decoder-ogg-vorbis: bf7c407c2cedff20999df2af8eb42d56 -> 
  custom:audio-encoder-webm-vorbis: bf7c407c2cedff20999df2af8eb42d56 -> 
========================================================================
Received Import Request.
  Time since last request: 24682.885128 seconds.
  path: Assets/Screen texture.renderTexture
  artifactKey: Guid(e18ba550fc5eb724c815dfefb1b5f92b) Importer(815301076,1909f56bfc062723c751e8b465ee728b)
Start importing Assets/Screen texture.renderTexture using Guid(e18ba550fc5eb724c815dfefb1b5f92b) Importer(815301076,1909f56bfc062723c751e8b465ee728b)  -> (artifact id: 'e647715d1fcd0b998e01a4185a462cf7') in 0.051969 seconds
Number of updated asset objects reloaded before import = 0
Number of asset objects unloaded after import = 2
========================================================================
Received Prepare
Begin MonoManager ReloadAssembly
- Loaded All Assemblies, in  0.437 seconds
Refreshing native plugins compatible for Editor in 3.95 ms, found 3 plugins.
Native extension for WindowsStandalone target not found
Native extension for WebGL target not found
[Package Manager] Server::EnsureServerProcessIsRunning -- launch failed, reason: Unity was launched with the -noUpm command-line argument
[Package Manager] UpmClient::Send -- Unable to send message (not connected to UPM process).
[Package Manager] Cannot connect to Unity Package Manager local server
Mono: successfully reloaded assembly
- Finished resetting the current domain, in  1.068 seconds
Domain Reload Profiling: 1503ms
	BeginReloadAssembly (163ms)
		ExecutionOrderSort (0ms)
		DisableScriptedObjects (4ms)
		BackupInstance (0ms)
		ReleaseScriptingObjects (0ms)
		CreateAndSetChildDomain (46ms)
	RebuildCommonClasses (34ms)
	RebuildNativeTypeToScriptingClass (10ms)
	initialDomainReloadingComplete (31ms)
	LoadAllAssembliesAndSetupDomain (196ms)
		LoadAssemblies (268ms)
		RebuildTransferFunctionScriptingTraits (0ms)
		AnalyzeDomain (11ms)
			TypeCache.Refresh (6ms)
				TypeCache.ScanAssembly (0ms)
			ScanForSourceGeneratedMonoScriptInfo (0ms)
			ResolveRequiredComponents (3ms)
	FinalizeReload (1069ms)
		ReleaseScriptCaches (0ms)
		RebuildScriptCaches (0ms)
		SetupLoadedEditorAssemblies (560ms)
			LogAssemblyErrors (0ms)
			InitializePlatformSupportModulesInManaged (8ms)
			SetLoadedEditorAssemblies (5ms)
			RefreshPlugins (0ms)
			BeforeProcessingInitializeOnLoad (68ms)
			ProcessInitializeOnLoadAttributes (449ms)
			ProcessInitializeOnLoadMethodAttributes (21ms)
			AfterProcessingInitializeOnLoad (9ms)
			EditorAssembliesLoaded (0ms)
		ExecutionOrderSort2 (0ms)
		AwakeInstancesAfterBackupRestoration (8ms)
Refreshing native plugins compatible for Editor in 8.02 ms, found 3 plugins.
Preloading 0 native plugins for Editor in 0.00 ms.
Unloading 3090 Unused Serialized files (Serialized files now loaded: 0)
Unloading 36 unused Assets / (0.7 MB). Loaded Objects now: 3552.
Memory consumption went from 127.3 MB to 126.5 MB.
Total: 3.328300 ms (FindLiveObjects: 0.241000 ms CreateObjectMapping: 0.187800 ms MarkObjects: 2.531300 ms  DeleteObjects: 0.367400 ms)

Prepare: number of updated asset objects reloaded= 0
AssetImportParameters requested are different than current active one (requested -> active):
  custom:container-demuxer-ogg: 62fdf1f143b41e24485cea50d1cbac27 -> 
  custom:video-decoder-ogg-theora: a1e56fd34408186e4bbccfd4996cb3dc -> 
  custom:framework-win-MediaFoundation: 216162199b28c13a410421893ffa2e32 -> 
  custom:CustomObjectIndexerAttribute: 43b350a4d6e6d1791af0b5038c4bea17 -> 
  custom:container-demuxer-webm: 4f35f7cbe854078d1ac9338744f61a02 -> 
  custom:container-muxer-webm: aa71ff27fc2769a1b78a27578f13a17b -> 
  custom:video-decoder-webm-vp8: 9c59270c3fd7afecdb556c50c9e8de78 -> 
  custom:SearchIndexIgnoredProperties: e643bd26f0fe6173181afceb89e7c659 -> 
  custom:AudioImporter_EditorPlatform: d09bf68614088b80899f8185d706f6e7 -> 
  custom:video-encoder-webm-vp8: eb34c28f22e8b96e1ab97ce403110664 -> 
  custom:audio-decoder-ogg-vorbis: bf7c407c2cedff20999df2af8eb42d56 -> 
  custom:audio-encoder-webm-vorbis: bf7c407c2cedff20999df2af8eb42d56 -> 
========================================================================
Received Prepare
Begin MonoManager ReloadAssembly
- Loaded All Assemblies, in  0.407 seconds
Refreshing native plugins compatible for Editor in 3.38 ms, found 3 plugins.
Native extension for WindowsStandalone target not found
Native extension for WebGL target not found
[Package Manager] Server::EnsureServerProcessIsRunning -- launch failed, reason: Unity was launched with the -noUpm command-line argument
[Package Manager] UpmClient::Send -- Unable to send message (not connected to UPM process).
[Package Manager] Cannot connect to Unity Package Manager local server
Mono: successfully reloaded assembly
- Finished resetting the current domain, in  1.072 seconds
Domain Reload Profiling: 1477ms
	BeginReloadAssembly (151ms)
		ExecutionOrderSort (0ms)
		DisableScriptedObjects (5ms)
		BackupInstance (0ms)
		ReleaseScriptingObjects (0ms)
		CreateAndSetChildDomain (34ms)
	RebuildCommonClasses (31ms)
	RebuildNativeTypeToScriptingClass (8ms)
	initialDomainReloadingComplete (31ms)
	LoadAllAssembliesAndSetupDomain (184ms)
		LoadAssemblies (257ms)
		RebuildTransferFunctionScriptingTraits (0ms)
		AnalyzeDomain (9ms)
			TypeCache.Refresh (4ms)
				TypeCache.ScanAssembly (0ms)
			ScanForSourceGeneratedMonoScriptInfo (0ms)
			ResolveRequiredComponents (4ms)
	FinalizeReload (1073ms)
		ReleaseScriptCaches (0ms)
		RebuildScriptCaches (0ms)
		SetupLoadedEditorAssemblies (562ms)
			LogAssemblyErrors (0ms)
			InitializePlatformSupportModulesInManaged (8ms)
			SetLoadedEditorAssemblies (4ms)
			RefreshPlugins (0ms)
			BeforeProcessingInitializeOnLoad (66ms)
			ProcessInitializeOnLoadAttributes (455ms)
			ProcessInitializeOnLoadMethodAttributes (19ms)
			AfterProcessingInitializeOnLoad (10ms)
			EditorAssembliesLoaded (0ms)
		ExecutionOrderSort2 (0ms)
		AwakeInstancesAfterBackupRestoration (6ms)
Refreshing native plugins compatible for Editor in 4.64 ms, found 3 plugins.
Preloading 0 native plugins for Editor in 0.00 ms.
Unloading 3091 Unused Serialized files (Serialized files now loaded: 0)
Unloading 36 unused Assets / (0.7 MB). Loaded Objects now: 3555.
Memory consumption went from 129.5 MB to 128.7 MB.
Total: 4.067300 ms (FindLiveObjects: 0.282100 ms CreateObjectMapping: 0.085100 ms MarkObjects: 3.091000 ms  DeleteObjects: 0.608200 ms)

Prepare: number of updated asset objects reloaded= 0
AssetImportParameters requested are different than current active one (requested -> active):
  custom:container-demuxer-ogg: 62fdf1f143b41e24485cea50d1cbac27 -> 
  custom:video-decoder-ogg-theora: a1e56fd34408186e4bbccfd4996cb3dc -> 
  custom:framework-win-MediaFoundation: 216162199b28c13a410421893ffa2e32 -> 
  custom:CustomObjectIndexerAttribute: 43b350a4d6e6d1791af0b5038c4bea17 -> 
  custom:container-demuxer-webm: 4f35f7cbe854078d1ac9338744f61a02 -> 
  custom:container-muxer-webm: aa71ff27fc2769a1b78a27578f13a17b -> 
  custom:video-decoder-webm-vp8: 9c59270c3fd7afecdb556c50c9e8de78 -> 
  custom:SearchIndexIgnoredProperties: e643bd26f0fe6173181afceb89e7c659 -> 
  custom:AudioImporter_EditorPlatform: d09bf68614088b80899f8185d706f6e7 -> 
  custom:video-encoder-webm-vp8: eb34c28f22e8b96e1ab97ce403110664 -> 
  custom:audio-decoder-ogg-vorbis: bf7c407c2cedff20999df2af8eb42d56 -> 
  custom:audio-encoder-webm-vorbis: bf7c407c2cedff20999df2af8eb42d56 -> 
========================================================================
Received Prepare
Begin MonoManager ReloadAssembly
- Loaded All Assemblies, in  0.397 seconds
Refreshing native plugins compatible for Editor in 3.75 ms, found 3 plugins.
Native extension for WindowsStandalone target not found
Native extension for WebGL target not found
[Package Manager] Server::EnsureServerProcessIsRunning -- launch failed, reason: Unity was launched with the -noUpm command-line argument
[Package Manager] UpmClient::Send -- Unable to send message (not connected to UPM process).
[Package Manager] Cannot connect to Unity Package Manager local server
Mono: successfully reloaded assembly
- Finished resetting the current domain, in  1.066 seconds
Domain Reload Profiling: 1460ms
	BeginReloadAssembly (149ms)
		ExecutionOrderSort (0ms)
		DisableScriptedObjects (5ms)
		BackupInstance (0ms)
		ReleaseScriptingObjects (0ms)
		CreateAndSetChildDomain (37ms)
	RebuildCommonClasses (28ms)
	RebuildNativeTypeToScriptingClass (9ms)
	initialDomainReloadingComplete (27ms)
	LoadAllAssembliesAndSetupDomain (182ms)
		LoadAssemblies (246ms)
		RebuildTransferFunctionScriptingTraits (0ms)
		AnalyzeDomain (12ms)
			TypeCache.Refresh (7ms)
				TypeCache.ScanAssembly (0ms)
			ScanForSourceGeneratedMonoScriptInfo (0ms)
			ResolveRequiredComponents (3ms)
	FinalizeReload (1067ms)
		ReleaseScriptCaches (0ms)
		RebuildScriptCaches (0ms)
		SetupLoadedEditorAssemblies (566ms)
			LogAssemblyErrors (0ms)
			InitializePlatformSupportModulesInManaged (10ms)
			SetLoadedEditorAssemblies (6ms)
			RefreshPlugins (0ms)
			BeforeProcessingInitializeOnLoad (63ms)
			ProcessInitializeOnLoadAttributes (458ms)
			ProcessInitializeOnLoadMethodAttributes (20ms)
			AfterProcessingInitializeOnLoad (9ms)
			EditorAssembliesLoaded (0ms)
		ExecutionOrderSort2 (0ms)
		AwakeInstancesAfterBackupRestoration (8ms)
Refreshing native plugins compatible for Editor in 6.12 ms, found 3 plugins.
Preloading 0 native plugins for Editor in 0.00 ms.
Unloading 3091 Unused Serialized files (Serialized files now loaded: 0)
Unloading 36 unused Assets / (0.7 MB). Loaded Objects now: 3558.
Memory consumption went from 131.4 MB to 130.7 MB.
Total: 4.331800 ms (FindLiveObjects: 0.365100 ms CreateObjectMapping: 0.291200 ms MarkObjects: 3.147500 ms  DeleteObjects: 0.527000 ms)

Prepare: number of updated asset objects reloaded= 0
AssetImportParameters requested are different than current active one (requested -> active):
  custom:container-demuxer-ogg: 62fdf1f143b41e24485cea50d1cbac27 -> 
  custom:video-decoder-ogg-theora: a1e56fd34408186e4bbccfd4996cb3dc -> 
  custom:framework-win-MediaFoundation: 216162199b28c13a410421893ffa2e32 -> 
  custom:CustomObjectIndexerAttribute: 43b350a4d6e6d1791af0b5038c4bea17 -> 
  custom:container-demuxer-webm: 4f35f7cbe854078d1ac9338744f61a02 -> 
  custom:container-muxer-webm: aa71ff27fc2769a1b78a27578f13a17b -> 
  custom:video-decoder-webm-vp8: 9c59270c3fd7afecdb556c50c9e8de78 -> 
  custom:SearchIndexIgnoredProperties: e643bd26f0fe6173181afceb89e7c659 -> 
  custom:AudioImporter_EditorPlatform: d09bf68614088b80899f8185d706f6e7 -> 
  custom:video-encoder-webm-vp8: eb34c28f22e8b96e1ab97ce403110664 -> 
  custom:audio-decoder-ogg-vorbis: bf7c407c2cedff20999df2af8eb42d56 -> 
  custom:audio-encoder-webm-vorbis: bf7c407c2cedff20999df2af8eb42d56 -> 
========================================================================
Received Import Request.
  Time since last request: 1066.717471 seconds.
  path: Assets/Playing Cards/Motion/f01@f01_trump_throw_01.fbx
  artifactKey: Guid(40f38bec2e177b24bb40c65aaec85bfb) Importer(815301076,1909f56bfc062723c751e8b465ee728b)
Start importing Assets/Playing Cards/Motion/f01@f01_trump_throw_01.fbx using Guid(40f38bec2e177b24bb40c65aaec85bfb) Importer(815301076,1909f56bfc062723c751e8b465ee728b)  -> (artifact id: '4b2725364fa8da9c2ab269ab46b3b14e') in 0.035737 seconds
Number of updated asset objects reloaded before import = 0
Number of asset objects unloaded after import = 317
========================================================================
Received Import Request.
  Time since last request: 0.000021 seconds.
  path: Assets/Playing Cards/Motion/m01@m01_trump_throw_ntr.fbx
  artifactKey: Guid(1fadfbeac3221aa43a21efca4724d924) Importer(815301076,1909f56bfc062723c751e8b465ee728b)
Start importing Assets/Playing Cards/Motion/m01@m01_trump_throw_ntr.fbx using Guid(1fadfbeac3221aa43a21efca4724d924) Importer(815301076,1909f56bfc062723c751e8b465ee728b)  -> (artifact id: '3ab7247d1cae3e50846dc2c904dd365a') in 0.005281 seconds
Number of updated asset objects reloaded before import = 0
Number of asset objects unloaded after import = 261
========================================================================
Received Import Request.
  Time since last request: 0.000017 seconds.
  path: Assets/Playing Cards/Motion/f01@f01_trump_throw_ntr.fbx
  artifactKey: Guid(5ac68da89a5e0204aaac406fef0125c3) Importer(815301076,1909f56bfc062723c751e8b465ee728b)
Start importing Assets/Playing Cards/Motion/f01@f01_trump_throw_ntr.fbx using Guid(5ac68da89a5e0204aaac406fef0125c3) Importer(815301076,1909f56bfc062723c751e8b465ee728b)  -> (artifact id: '15cad1faa43178120d0b3f3d4b6bb6f5') in 0.006189 seconds
Number of updated asset objects reloaded before import = 0
Number of asset objects unloaded after import = 317
========================================================================
Received Import Request.
  Time since last request: 0.000045 seconds.
  path: Assets/Playing Cards/Motion/f01@f01_trump_throw_02.fbx
  artifactKey: Guid(29359d2af0864564988ea1268cf6a2de) Importer(815301076,1909f56bfc062723c751e8b465ee728b)
Start importing Assets/Playing Cards/Motion/f01@f01_trump_throw_02.fbx using Guid(29359d2af0864564988ea1268cf6a2de) Importer(815301076,1909f56bfc062723c751e8b465ee728b)  -> (artifact id: 'e516e1cccac1df6685de0128cde77364') in 0.008076 seconds
Number of updated asset objects reloaded before import = 0
Number of asset objects unloaded after import = 317
========================================================================
Received Import Request.
  Time since last request: 14.569027 seconds.
  path: Assets/Playing Cards/Resource/Prefab/CasinoItem/CasinoChip20_Green_00.prefab
  artifactKey: Guid(2b06956c46b0c1d4b92286f470a38462) Importer(815301076,1909f56bfc062723c751e8b465ee728b)
Start importing Assets/Playing Cards/Resource/Prefab/CasinoItem/CasinoChip20_Green_00.prefab using Guid(2b06956c46b0c1d4b92286f470a38462) Importer(815301076,1909f56bfc062723c751e8b465ee728b)  -> (artifact id: '286aab81112025e0bc16ba400ed427a7') in 0.326661 seconds
Number of updated asset objects reloaded before import = 0
Number of asset objects unloaded after import = 116
========================================================================
Received Import Request.
  Time since last request: 0.000023 seconds.
  path: Assets/Playing Cards/Resource/Prefab/CasinoItem/CasinoTable_SemiCircle_00.prefab
  artifactKey: Guid(816b9128c8a29ca4fadbcd532547bce3) Importer(815301076,1909f56bfc062723c751e8b465ee728b)
Start importing Assets/Playing Cards/Resource/Prefab/CasinoItem/CasinoTable_SemiCircle_00.prefab using Guid(816b9128c8a29ca4fadbcd532547bce3) Importer(815301076,1909f56bfc062723c751e8b465ee728b)  -> (artifact id: 'db2df98ab5864409761031166e69b0f7') in 0.029352 seconds
Number of updated asset objects reloaded before import = 0
Number of asset objects unloaded after import = 12
========================================================================
Received Import Request.
  Time since last request: 140.074702 seconds.
  path: Assets/Playing Cards/Resource/Model/CasinoChip_00.fbx
  artifactKey: Guid(4c3541a940384ed48a1d2c36a9fb6cea) Importer(815301076,1909f56bfc062723c751e8b465ee728b)
Start importing Assets/Playing Cards/Resource/Model/CasinoChip_00.fbx using Guid(4c3541a940384ed48a1d2c36a9fb6cea) Importer(815301076,1909f56bfc062723c751e8b465ee728b)  -> (artifact id: '489a33c4ee9c05f421ae0645913f6185') in 0.262439 seconds
Number of updated asset objects reloaded before import = 0
Number of asset objects unloaded after import = 8
========================================================================
Received Import Request.
  Time since last request: 0.000021 seconds.
  path: Assets/Playing Cards/Resource/Model/RifleShuffle_First_00.fbx
  artifactKey: Guid(55e3efefcfb5825409800c38c8b0bb8d) Importer(815301076,1909f56bfc062723c751e8b465ee728b)
Start importing Assets/Playing Cards/Resource/Model/RifleShuffle_First_00.fbx using Guid(55e3efefcfb5825409800c38c8b0bb8d) Importer(815301076,1909f56bfc062723c751e8b465ee728b)  -> (artifact id: 'b1a23bb075e643674ca340b41481dba8') in 0.054745 seconds
Number of updated asset objects reloaded before import = 0
Number of asset objects unloaded after import = 15
========================================================================
Received Import Request.
  Time since last request: 0.000032 seconds.
  path: Assets/Playing Cards/Resource/Model/PlayingCards_00.fbx
  artifactKey: Guid(0464afc39207ab540b94807b2273e3e5) Importer(815301076,1909f56bfc062723c751e8b465ee728b)
Start importing Assets/Playing Cards/Resource/Model/PlayingCards_00.fbx using Guid(0464afc39207ab540b94807b2273e3e5) Importer(815301076,1909f56bfc062723c751e8b465ee728b)  -> (artifact id: 'f18bbbcd1f13be09af7c3e5ac75fa576') in 0.029095 seconds
Number of updated asset objects reloaded before import = 0
Number of asset objects unloaded after import = 8
========================================================================
Received Import Request.
  Time since last request: 0.000022 seconds.
  path: Assets/Playing Cards/Resource/Model/ManyDeck_00.fbx
  artifactKey: Guid(94a16f52c70b67741b43efbbbc10a872) Importer(815301076,1909f56bfc062723c751e8b465ee728b)
Start importing Assets/Playing Cards/Resource/Model/ManyDeck_00.fbx using Guid(94a16f52c70b67741b43efbbbc10a872) Importer(815301076,1909f56bfc062723c751e8b465ee728b)  -> (artifact id: 'db764b4bbe57cbfd5cf1f9e50a0d1272') in 0.017357 seconds
Number of updated asset objects reloaded before import = 0
Number of asset objects unloaded after import = 8
========================================================================
Received Import Request.
  Time since last request: 0.000018 seconds.
  path: Assets/Playing Cards/Resource/Model/Table_Square_00.fbx
  artifactKey: Guid(73bb6cab5d91c2b4b8cbadc1ae621f20) Importer(815301076,1909f56bfc062723c751e8b465ee728b)
Start importing Assets/Playing Cards/Resource/Model/Table_Square_00.fbx using Guid(73bb6cab5d91c2b4b8cbadc1ae621f20) Importer(815301076,1909f56bfc062723c751e8b465ee728b)  -> (artifact id: '7706b64b12db3ac15c0492f0258e4626') in 0.020090 seconds
Number of updated asset objects reloaded before import = 0
Number of asset objects unloaded after import = 8
========================================================================
Received Import Request.
  Time since last request: 0.000018 seconds.
  path: Assets/Playing Cards/Resource/Model/RifleShuffle_Second_00.fbx
  artifactKey: Guid(4b85c9e3a82039e468ea6e92f1ec5b6c) Importer(815301076,1909f56bfc062723c751e8b465ee728b)
Start importing Assets/Playing Cards/Resource/Model/RifleShuffle_Second_00.fbx using Guid(4b85c9e3a82039e468ea6e92f1ec5b6c) Importer(815301076,1909f56bfc062723c751e8b465ee728b)  -> (artifact id: '647328ba2e902c0c96e9c5da7c3261c8') in 0.029406 seconds
Number of updated asset objects reloaded before import = 0
Number of asset objects unloaded after import = 10
========================================================================
Received Import Request.
  Time since last request: 0.000028 seconds.
  path: Assets/Playing Cards/Resource/Model/CasinoTable_Ellipse_00.fbx
  artifactKey: Guid(d08519c07d9eb994d9c4fd54afb21d45) Importer(815301076,1909f56bfc062723c751e8b465ee728b)
Start importing Assets/Playing Cards/Resource/Model/CasinoTable_Ellipse_00.fbx using Guid(d08519c07d9eb994d9c4fd54afb21d45) Importer(815301076,1909f56bfc062723c751e8b465ee728b)  -> (artifact id: 'a329f91589c0199d8d59fec1ff02b56f') in 0.018225 seconds
Number of updated asset objects reloaded before import = 0
Number of asset objects unloaded after import = 8
========================================================================
Received Import Request.
  Time since last request: 0.000020 seconds.
  path: Assets/Playing Cards/Resource/Model/TowerUnfinished_00.fbx
  artifactKey: Guid(2cb248f6c0990434892ac3330940df8a) Importer(815301076,1909f56bfc062723c751e8b465ee728b)
Start importing Assets/Playing Cards/Resource/Model/TowerUnfinished_00.fbx using Guid(2cb248f6c0990434892ac3330940df8a) Importer(815301076,1909f56bfc062723c751e8b465ee728b)  -> (artifact id: '0ac1b38e5dfcd7ed45d53b119c95847a') in 0.029104 seconds
Number of updated asset objects reloaded before import = 0
Number of asset objects unloaded after import = 18
========================================================================
Received Import Request.
  Time since last request: 0.000024 seconds.
  path: Assets/Playing Cards/Resource/Model/Table_Rectangle_00.fbx
  artifactKey: Guid(468dc33abc85ce34293836ff4f64d32a) Importer(815301076,1909f56bfc062723c751e8b465ee728b)
Start importing Assets/Playing Cards/Resource/Model/Table_Rectangle_00.fbx using Guid(468dc33abc85ce34293836ff4f64d32a) Importer(815301076,1909f56bfc062723c751e8b465ee728b)  -> (artifact id: 'e01de22df34f8bfb1f8fc1e15057f915') in 0.016863 seconds
Number of updated asset objects reloaded before import = 0
Number of asset objects unloaded after import = 8
========================================================================
Received Import Request.
  Time since last request: 52.746229 seconds.
  path: Assets/Playing Cards/Resource/Prefab/BackColor_Blue/Blue_AllCards_00.prefab
  artifactKey: Guid(647e76befdaac054b873fd71d92a19f1) Importer(815301076,1909f56bfc062723c751e8b465ee728b)
Start importing Assets/Playing Cards/Resource/Prefab/BackColor_Blue/Blue_AllCards_00.prefab using Guid(647e76befdaac054b873fd71d92a19f1) Importer(815301076,1909f56bfc062723c751e8b465ee728b)  -> (artifact id: 'dc71d625216d5c6dbdc54923c0c6ffa0') in 0.437249 seconds
Number of updated asset objects reloaded before import = 0
Number of asset objects unloaded after import = 661
========================================================================
Received Import Request.
  Time since last request: 0.000027 seconds.
  path: Assets/Playing Cards/Resource/Prefab/BackColor_Blue/Blue_PlayingCards_Heart01_00.prefab
  artifactKey: Guid(d2f80b469e8f7a14abb2443d13dfee73) Importer(815301076,1909f56bfc062723c751e8b465ee728b)
Start importing Assets/Playing Cards/Resource/Prefab/BackColor_Blue/Blue_PlayingCards_Heart01_00.prefab using Guid(d2f80b469e8f7a14abb2443d13dfee73) Importer(815301076,1909f56bfc062723c751e8b465ee728b)  -> (artifact id: '276c230f885fa25eda9b0db8067c7c16') in 0.017254 seconds
Number of updated asset objects reloaded before import = 0
Number of asset objects unloaded after import = 11
========================================================================
Received Import Request.
  Time since last request: 0.000023 seconds.
  path: Assets/Playing Cards/Resource/Prefab/BackColor_Blue/Blue_PlayingCards_Club03_00.prefab
  artifactKey: Guid(0c9f83dbd793c6a48a7556f2d55f8bf4) Importer(815301076,1909f56bfc062723c751e8b465ee728b)
Start importing Assets/Playing Cards/Resource/Prefab/BackColor_Blue/Blue_PlayingCards_Club03_00.prefab using Guid(0c9f83dbd793c6a48a7556f2d55f8bf4) Importer(815301076,1909f56bfc062723c751e8b465ee728b)  -> (artifact id: '8282dff5bf95ce30080c1a5f29bce467') in 0.015578 seconds
Number of updated asset objects reloaded before import = 0
Number of asset objects unloaded after import = 11
========================================================================
Received Import Request.
  Time since last request: 0.000016 seconds.
  path: Assets/Playing Cards/Resource/Prefab/BackColor_Blue/Blue_PlayingCards_Spade11_00.prefab
  artifactKey: Guid(7c4e94b992de4ce4d9d1414222088af8) Importer(815301076,1909f56bfc062723c751e8b465ee728b)
Start importing Assets/Playing Cards/Resource/Prefab/BackColor_Blue/Blue_PlayingCards_Spade11_00.prefab using Guid(7c4e94b992de4ce4d9d1414222088af8) Importer(815301076,1909f56bfc062723c751e8b465ee728b)  -> (artifact id: '878e686d6e9120475965b1b7a6af2655') in 0.018036 seconds
Number of updated asset objects reloaded before import = 0
Number of asset objects unloaded after import = 11
========================================================================
Received Import Request.
  Time since last request: 0.000016 seconds.
  path: Assets/Playing Cards/Resource/Prefab/BackColor_Blue/Blue_PlayingCards_Club08_00.prefab
  artifactKey: Guid(859a69a2afa120b43850c9cd106f4bf1) Importer(815301076,1909f56bfc062723c751e8b465ee728b)
Start importing Assets/Playing Cards/Resource/Prefab/BackColor_Blue/Blue_PlayingCards_Club08_00.prefab using Guid(859a69a2afa120b43850c9cd106f4bf1) Importer(815301076,1909f56bfc062723c751e8b465ee728b)  -> (artifact id: '0aafb7e89d8f41c208335f9e50ef377a') in 0.022644 seconds
Number of updated asset objects reloaded before import = 0
Number of asset objects unloaded after import = 11
========================================================================
Received Import Request.
  Time since last request: 0.000021 seconds.
  path: Assets/Playing Cards/Resource/Prefab/BackColor_Blue/Blue_PlayingCards_Spade07_00.prefab
  artifactKey: Guid(7fb16d581153d684d9027b72ae11add1) Importer(815301076,1909f56bfc062723c751e8b465ee728b)
Start importing Assets/Playing Cards/Resource/Prefab/BackColor_Blue/Blue_PlayingCards_Spade07_00.prefab using Guid(7fb16d581153d684d9027b72ae11add1) Importer(815301076,1909f56bfc062723c751e8b465ee728b)  -> (artifact id: '7892d7e26bf422b443723d9cd6d06f12') in 0.020257 seconds
Number of updated asset objects reloaded before import = 0
Number of asset objects unloaded after import = 11
========================================================================
Received Import Request.
  Time since last request: 0.000024 seconds.
  path: Assets/Playing Cards/Resource/Prefab/BackColor_Blue/Blue_PlayingCards_Diamond04_00.prefab
  artifactKey: Guid(ab57051fe93c8e7438bcfdacb49452a9) Importer(815301076,1909f56bfc062723c751e8b465ee728b)
Start importing Assets/Playing Cards/Resource/Prefab/BackColor_Blue/Blue_PlayingCards_Diamond04_00.prefab using Guid(ab57051fe93c8e7438bcfdacb49452a9) Importer(815301076,1909f56bfc062723c751e8b465ee728b)  -> (artifact id: 'b01457d2cb29969111371b47a3b5e91f') in 0.018200 seconds
Number of updated asset objects reloaded before import = 0
Number of asset objects unloaded after import = 11
========================================================================
Received Import Request.
  Time since last request: 0.000019 seconds.
  path: Assets/Playing Cards/Resource/Prefab/BackColor_Blue/Blue_PlayingCards_Spade13_00.prefab
  artifactKey: Guid(4275f8da6c579254c89343cb32120c4d) Importer(815301076,1909f56bfc062723c751e8b465ee728b)
Start importing Assets/Playing Cards/Resource/Prefab/BackColor_Blue/Blue_PlayingCards_Spade13_00.prefab using Guid(4275f8da6c579254c89343cb32120c4d) Importer(815301076,1909f56bfc062723c751e8b465ee728b)  -> (artifact id: '1af796c3b2f22420a61d6ae5deedb4a0') in 0.019555 seconds
Number of updated asset objects reloaded before import = 0
Number of asset objects unloaded after import = 11
========================================================================
Received Import Request.
  Time since last request: 0.000019 seconds.
  path: Assets/Playing Cards/Resource/Prefab/BackColor_Blue/Blue_PlayingCards_Club05_00.prefab
  artifactKey: Guid(d8ec169ce3d59824ebf20eacc9dd05ee) Importer(815301076,1909f56bfc062723c751e8b465ee728b)
Start importing Assets/Playing Cards/Resource/Prefab/BackColor_Blue/Blue_PlayingCards_Club05_00.prefab using Guid(d8ec169ce3d59824ebf20eacc9dd05ee) Importer(815301076,1909f56bfc062723c751e8b465ee728b)  -> (artifact id: '9ea72677cbcf376c46b65c67e95679ca') in 0.019137 seconds
Number of updated asset objects reloaded before import = 0
Number of asset objects unloaded after import = 11
========================================================================
Received Import Request.
  Time since last request: 0.000016 seconds.
  path: Assets/Playing Cards/Resource/Prefab/BackColor_Blue/Blue_PlayingCards_Blank_00.prefab
  artifactKey: Guid(3164b38464b3a9547beb4522f03f3031) Importer(815301076,1909f56bfc062723c751e8b465ee728b)
Start importing Assets/Playing Cards/Resource/Prefab/BackColor_Blue/Blue_PlayingCards_Blank_00.prefab using Guid(3164b38464b3a9547beb4522f03f3031) Importer(815301076,1909f56bfc062723c751e8b465ee728b)  -> (artifact id: 'ec04c4d5c63c7b2358a52951146a594c') in 0.020413 seconds
Number of updated asset objects reloaded before import = 0
Number of asset objects unloaded after import = 10
========================================================================
Received Import Request.
  Time since last request: 0.000025 seconds.
  path: Assets/Playing Cards/Resource/Prefab/BackColor_Blue/Blue_PlayingCards_Heart03_00.prefab
  artifactKey: Guid(f47e5aaa6217cc0418467c1fbe35e372) Importer(815301076,1909f56bfc062723c751e8b465ee728b)
Start importing Assets/Playing Cards/Resource/Prefab/BackColor_Blue/Blue_PlayingCards_Heart03_00.prefab using Guid(f47e5aaa6217cc0418467c1fbe35e372) Importer(815301076,1909f56bfc062723c751e8b465ee728b)  -> (artifact id: 'b386acdb29ded54f47dca85f25c9e817') in 0.017751 seconds
Number of updated asset objects reloaded before import = 0
Number of asset objects unloaded after import = 11
========================================================================
Received Import Request.
  Time since last request: 0.000016 seconds.
  path: Assets/Playing Cards/Resource/Prefab/BackColor_Blue/Blue_ManyDiscard_00.prefab
  artifactKey: Guid(fd89f85809a0f2f45a801aab04cc064d) Importer(815301076,1909f56bfc062723c751e8b465ee728b)
Start importing Assets/Playing Cards/Resource/Prefab/BackColor_Blue/Blue_ManyDiscard_00.prefab using Guid(fd89f85809a0f2f45a801aab04cc064d) Importer(815301076,1909f56bfc062723c751e8b465ee728b)  -> (artifact id: '449ad6b3aea350a14e03dd8586bb1ba0') in 0.018214 seconds
Number of updated asset objects reloaded before import = 0
Number of asset objects unloaded after import = 20
========================================================================
Received Import Request.
  Time since last request: 0.000013 seconds.
  path: Assets/Playing Cards/Resource/Prefab/BackColor_Blue/Blue_PlayingCards_Club01_00.prefab
  artifactKey: Guid(1d1cc56097e553a46b1249f2c8bc83cf) Importer(815301076,1909f56bfc062723c751e8b465ee728b)
Start importing Assets/Playing Cards/Resource/Prefab/BackColor_Blue/Blue_PlayingCards_Club01_00.prefab using Guid(1d1cc56097e553a46b1249f2c8bc83cf) Importer(815301076,1909f56bfc062723c751e8b465ee728b)  -> (artifact id: 'fac6930ffaead83de2e9d58ca307f520') in 0.016131 seconds
Number of updated asset objects reloaded before import = 0
Number of asset objects unloaded after import = 11
========================================================================
Received Import Request.
  Time since last request: 0.000120 seconds.
  path: Assets/Playing Cards/Resource/Prefab/BackColor_Blue/Blue_PlayingCards_Spade02_00.prefab
  artifactKey: Guid(ead15689667236347af67a77429e92d8) Importer(815301076,1909f56bfc062723c751e8b465ee728b)
Start importing Assets/Playing Cards/Resource/Prefab/BackColor_Blue/Blue_PlayingCards_Spade02_00.prefab using Guid(ead15689667236347af67a77429e92d8) Importer(815301076,1909f56bfc062723c751e8b465ee728b)  -> (artifact id: 'aec52aed2a4f7aab838e9e868e2da05f') in 0.016693 seconds
Number of updated asset objects reloaded before import = 0
Number of asset objects unloaded after import = 11
========================================================================
Received Import Request.
  Time since last request: 0.000026 seconds.
  path: Assets/Playing Cards/Resource/Prefab/BackColor_Blue/Blue_PlayingCards_Spade08_00.prefab
  artifactKey: Guid(7f1b451453c3280428345cdc9a8add79) Importer(815301076,1909f56bfc062723c751e8b465ee728b)
Start importing Assets/Playing Cards/Resource/Prefab/BackColor_Blue/Blue_PlayingCards_Spade08_00.prefab using Guid(7f1b451453c3280428345cdc9a8add79) Importer(815301076,1909f56bfc062723c751e8b465ee728b)  -> (artifact id: '39319c24fd96490ff5737180a3d54454') in 0.015763 seconds
Number of updated asset objects reloaded before import = 0
Number of asset objects unloaded after import = 11
========================================================================
Received Import Request.
  Time since last request: 9.953204 seconds.
  path: Assets/Playing Cards/Resource/Prefab/BackColor_Black/Black_AllCards_00.prefab
  artifactKey: Guid(1f527e57169eb50438f38e1405737620) Importer(815301076,1909f56bfc062723c751e8b465ee728b)
Start importing Assets/Playing Cards/Resource/Prefab/BackColor_Black/Black_AllCards_00.prefab using Guid(1f527e57169eb50438f38e1405737620) Importer(815301076,1909f56bfc062723c751e8b465ee728b)  -> (artifact id: 'a6347c109b3424fdefe739dc5146f7cf') in 0.097237 seconds
Number of updated asset objects reloaded before import = 0
Number of asset objects unloaded after import = 716
========================================================================
Received Import Request.
  Time since last request: 0.000016 seconds.
  path: Assets/Playing Cards/Resource/Prefab/BackColor_Black/Black_PlayingCards_Spade07_00.prefab
  artifactKey: Guid(90b9cbbb587544247b843c1e997ff060) Importer(815301076,1909f56bfc062723c751e8b465ee728b)
Start importing Assets/Playing Cards/Resource/Prefab/BackColor_Black/Black_PlayingCards_Spade07_00.prefab using Guid(90b9cbbb587544247b843c1e997ff060) Importer(815301076,1909f56bfc062723c751e8b465ee728b)  -> (artifact id: '0250c10294e7c56802a22302872b923d') in 0.015968 seconds
Number of updated asset objects reloaded before import = 0
Number of asset objects unloaded after import = 11
========================================================================
Received Import Request.
  Time since last request: 0.000024 seconds.
  path: Assets/Playing Cards/Resource/Prefab/BackColor_Black/Black_PlayingCards_Heart03_00.prefab
  artifactKey: Guid(797b98feaf159e64eae6cd8ea9fc1d75) Importer(815301076,1909f56bfc062723c751e8b465ee728b)
Start importing Assets/Playing Cards/Resource/Prefab/BackColor_Black/Black_PlayingCards_Heart03_00.prefab using Guid(797b98feaf159e64eae6cd8ea9fc1d75) Importer(815301076,1909f56bfc062723c751e8b465ee728b)  -> (artifact id: 'dfab7be7e2160e8b7d4f7690244d3ba0') in 0.019432 seconds
Number of updated asset objects reloaded before import = 0
Number of asset objects unloaded after import = 11
========================================================================
Received Import Request.
  Time since last request: 0.000016 seconds.
  path: Assets/Playing Cards/Resource/Prefab/BackColor_Black/Black_PlayingCards_Spade10_00.prefab
  artifactKey: Guid(ed16705f484caad438170679afeb5912) Importer(815301076,1909f56bfc062723c751e8b465ee728b)
Start importing Assets/Playing Cards/Resource/Prefab/BackColor_Black/Black_PlayingCards_Spade10_00.prefab using Guid(ed16705f484caad438170679afeb5912) Importer(815301076,1909f56bfc062723c751e8b465ee728b)  -> (artifact id: '957c945fca3a434e434ed71d6e6dacc0') in 0.018302 seconds
Number of updated asset objects reloaded before import = 0
Number of asset objects unloaded after import = 11
========================================================================
Received Import Request.
  Time since last request: 0.000017 seconds.
  path: Assets/Playing Cards/Resource/Prefab/BackColor_Black/Black_PlayingCards_Diamond03_00.prefab
  artifactKey: Guid(42603f2e84ec0d940a0fba4737cf9270) Importer(815301076,1909f56bfc062723c751e8b465ee728b)
Start importing Assets/Playing Cards/Resource/Prefab/BackColor_Black/Black_PlayingCards_Diamond03_00.prefab using Guid(42603f2e84ec0d940a0fba4737cf9270) Importer(815301076,1909f56bfc062723c751e8b465ee728b)  -> (artifact id: 'd6430f709268b569561e06c93f60c650') in 0.014054 seconds
Number of updated asset objects reloaded before import = 0
Number of asset objects unloaded after import = 11
========================================================================
Received Import Request.
  Time since last request: 0.000018 seconds.
  path: Assets/Playing Cards/Resource/Prefab/BackColor_Black/Black_PlayingCards_Club07_00.prefab
  artifactKey: Guid(dc0edb6a16746d748a02b5391d5907c7) Importer(815301076,1909f56bfc062723c751e8b465ee728b)
Start importing Assets/Playing Cards/Resource/Prefab/BackColor_Black/Black_PlayingCards_Club07_00.prefab using Guid(dc0edb6a16746d748a02b5391d5907c7) Importer(815301076,1909f56bfc062723c751e8b465ee728b)  -> (artifact id: '00c0ded21138621c7132c7fd1ae23a8e') in 0.011728 seconds
Number of updated asset objects reloaded before import = 0
Number of asset objects unloaded after import = 11
========================================================================
Received Import Request.
  Time since last request: 0.000015 seconds.
  path: Assets/Playing Cards/Resource/Prefab/BackColor_Black/Black_PlayingCards_Spade04_00.prefab
  artifactKey: Guid(284ed5c6a5369674ea3705d18a998844) Importer(815301076,1909f56bfc062723c751e8b465ee728b)
Start importing Assets/Playing Cards/Resource/Prefab/BackColor_Black/Black_PlayingCards_Spade04_00.prefab using Guid(284ed5c6a5369674ea3705d18a998844) Importer(815301076,1909f56bfc062723c751e8b465ee728b)  -> (artifact id: '2aa38a376e04e739e35e9853623d22e5') in 0.011139 seconds
Number of updated asset objects reloaded before import = 0
Number of asset objects unloaded after import = 11
========================================================================
Received Import Request.
  Time since last request: 0.000012 seconds.
  path: Assets/Playing Cards/Resource/Prefab/BackColor_Black/Black_PlayingCards_Joker_00.prefab
  artifactKey: Guid(86f5be653215f1c44bce484f91c79ce2) Importer(815301076,1909f56bfc062723c751e8b465ee728b)
Start importing Assets/Playing Cards/Resource/Prefab/BackColor_Black/Black_PlayingCards_Joker_00.prefab using Guid(86f5be653215f1c44bce484f91c79ce2) Importer(815301076,1909f56bfc062723c751e8b465ee728b)  -> (artifact id: '3b4883cbb0a9c15e073dd01f474e6400') in 0.018372 seconds
Number of updated asset objects reloaded before import = 0
Number of asset objects unloaded after import = 11
========================================================================
Received Import Request.
  Time since last request: 0.000023 seconds.
  path: Assets/Playing Cards/Resource/Prefab/BackColor_Black/Black_PlayingCards_Heart07_00.prefab
  artifactKey: Guid(c0a5d114cb6285f43b003bb5d8d95487) Importer(815301076,1909f56bfc062723c751e8b465ee728b)
Start importing Assets/Playing Cards/Resource/Prefab/BackColor_Black/Black_PlayingCards_Heart07_00.prefab using Guid(c0a5d114cb6285f43b003bb5d8d95487) Importer(815301076,1909f56bfc062723c751e8b465ee728b)  -> (artifact id: 'b5bff050eccfe6efb50936adc7232488') in 0.011953 seconds
Number of updated asset objects reloaded before import = 0
Number of asset objects unloaded after import = 11
========================================================================
Received Import Request.
  Time since last request: 0.000014 seconds.
  path: Assets/Playing Cards/Resource/Prefab/BackColor_Black/Black_PlayingCards_Club04_00.prefab
  artifactKey: Guid(ff26e91d329993c4a9d197dbd4f21d02) Importer(815301076,1909f56bfc062723c751e8b465ee728b)
Start importing Assets/Playing Cards/Resource/Prefab/BackColor_Black/Black_PlayingCards_Club04_00.prefab using Guid(ff26e91d329993c4a9d197dbd4f21d02) Importer(815301076,1909f56bfc062723c751e8b465ee728b)  -> (artifact id: 'f6ac0c7fb8aed05695aa31432d8bec2d') in 0.011365 seconds
Number of updated asset objects reloaded before import = 0
Number of asset objects unloaded after import = 11
========================================================================
Received Import Request.
  Time since last request: 0.000012 seconds.
  path: Assets/Playing Cards/Resource/Prefab/BackColor_Black/Black_TowerUnfinished_00.prefab
  artifactKey: Guid(c1b4bf7fde43b274b8e3edf99f1d10a4) Importer(815301076,1909f56bfc062723c751e8b465ee728b)
Start importing Assets/Playing Cards/Resource/Prefab/BackColor_Black/Black_TowerUnfinished_00.prefab using Guid(c1b4bf7fde43b274b8e3edf99f1d10a4) Importer(815301076,1909f56bfc062723c751e8b465ee728b)  -> (artifact id: '8f54f237ae6cb52233b0e2cd7fa2eaa4') in 0.018764 seconds
Number of updated asset objects reloaded before import = 0
Number of asset objects unloaded after import = 20
========================================================================
Received Import Request.
  Time since last request: 0.000022 seconds.
  path: Assets/Playing Cards/Resource/Prefab/BackColor_Black/Black_PlayingCards_Spade13_00.prefab
  artifactKey: Guid(adcad4eb248ada04691b90a43772d2dc) Importer(815301076,1909f56bfc062723c751e8b465ee728b)
Start importing Assets/Playing Cards/Resource/Prefab/BackColor_Black/Black_PlayingCards_Spade13_00.prefab using Guid(adcad4eb248ada04691b90a43772d2dc) Importer(815301076,1909f56bfc062723c751e8b465ee728b)  -> (artifact id: 'c583c27315b6d25f3443c1a8baf42a82') in 0.011290 seconds
Number of updated asset objects reloaded before import = 0
Number of asset objects unloaded after import = 11
========================================================================
Received Import Request.
  Time since last request: 0.000016 seconds.
  path: Assets/Playing Cards/Resource/Prefab/BackColor_Black/Black_PlayingCards_Diamond02_00.prefab
  artifactKey: Guid(c3cafea9e8f7f304f963bc80154e200a) Importer(815301076,1909f56bfc062723c751e8b465ee728b)
Start importing Assets/Playing Cards/Resource/Prefab/BackColor_Black/Black_PlayingCards_Diamond02_00.prefab using Guid(c3cafea9e8f7f304f963bc80154e200a) Importer(815301076,1909f56bfc062723c751e8b465ee728b)  -> (artifact id: '09e3d87916406c16ea822253f913b807') in 0.011048 seconds
Number of updated asset objects reloaded before import = 0
Number of asset objects unloaded after import = 11
========================================================================
Received Import Request.
  Time since last request: 0.000021 seconds.
  path: Assets/Playing Cards/Resource/Prefab/BackColor_Black/Black_RifleShuffle_First_00.prefab
  artifactKey: Guid(fd01c2724d9735345bbfa9261277c757) Importer(815301076,1909f56bfc062723c751e8b465ee728b)
Start importing Assets/Playing Cards/Resource/Prefab/BackColor_Black/Black_RifleShuffle_First_00.prefab using Guid(fd01c2724d9735345bbfa9261277c757) Importer(815301076,1909f56bfc062723c751e8b465ee728b)  -> (artifact id: '0ebb6d18902391929dbc98b4cba56fd0') in 0.172561 seconds
Number of updated asset objects reloaded before import = 0
Number of asset objects unloaded after import = 17
