Using pre-set license
Built from '2022.3/staging' branch; Version is '2022.3.16f1 (d2c21f0ef2f1) revision 13812255'; Using compiler version '192829333'; Build Type 'Release'
OS: 'Windows 11  (10.0.22621) 64bit Professional' Language: 'it' Physical Memory: 32653 MB
BatchMode: 1, IsHumanControllingUs: 0, StartBugReporterOnCrash: 0, Is64bit: 1, IsPro: 1

COMMAND LINE ARGUMENTS:
C:\Program Files\Unity\Hub\Editor\2022.3.16f1\Editor\Unity.exe
-adb2
-batchMode
-noUpm
-name
AssetImportWorker4
-projectPath
C:/Users/Fantin Jacopo/Poker-Winter-Edition
-logFile
Logs/AssetImportWorker4.log
-srvPort
51738
Successfully changed project path to: C:/Users/Fantin Jacopo/Poker-Winter-Edition
C:/Users/Fantin Jacopo/Poker-Winter-Edition
[UnityMemory] Configuration Parameters - Can be set up in boot.config
    "memorysetup-bucket-allocator-granularity=16"
    "memorysetup-bucket-allocator-bucket-count=8"
    "memorysetup-bucket-allocator-block-size=33554432"
    "memorysetup-bucket-allocator-block-count=8"
    "memorysetup-main-allocator-block-size=16777216"
    "memorysetup-thread-allocator-block-size=16777216"
    "memorysetup-gfx-main-allocator-block-size=16777216"
    "memorysetup-gfx-thread-allocator-block-size=16777216"
    "memorysetup-cache-allocator-block-size=4194304"
    "memorysetup-typetree-allocator-block-size=2097152"
    "memorysetup-profiler-bucket-allocator-granularity=16"
    "memorysetup-profiler-bucket-allocator-bucket-count=8"
    "memorysetup-profiler-bucket-allocator-block-size=33554432"
    "memorysetup-profiler-bucket-allocator-block-count=8"
    "memorysetup-profiler-allocator-block-size=16777216"
    "memorysetup-profiler-editor-allocator-block-size=1048576"
    "memorysetup-temp-allocator-size-main=16777216"
    "memorysetup-job-temp-allocator-block-size=2097152"
    "memorysetup-job-temp-allocator-block-size-background=1048576"
    "memorysetup-job-temp-allocator-reduction-small-platforms=262144"
    "memorysetup-allocator-temp-initial-block-size-main=262144"
    "memorysetup-allocator-temp-initial-block-size-worker=262144"
    "memorysetup-temp-allocator-size-background-worker=32768"
    "memorysetup-temp-allocator-size-job-worker=262144"
    "memorysetup-temp-allocator-size-preload-manager=33554432"
    "memorysetup-temp-allocator-size-nav-mesh-worker=65536"
    "memorysetup-temp-allocator-size-audio-worker=65536"
    "memorysetup-temp-allocator-size-cloud-worker=32768"
    "memorysetup-temp-allocator-size-gi-baking-worker=262144"
    "memorysetup-temp-allocator-size-gfx=262144"
Player connection [26292] Host "[IP] 192.168.1.9 [Port] 0 [Flags] 2 [Guid] 3220560754 [EditorId] 3220560754 [Version] 1048832 [Id] WindowsEditor(7,DESKTOP-4U1JB59) [Debug] 1 [PackageName] WindowsEditor [ProjectName] Editor" joined multi-casting on [225.0.0.222:54997]...

Player connection [26292] Host "[IP] 192.168.1.9 [Port] 0 [Flags] 2 [Guid] 3220560754 [EditorId] 3220560754 [Version] 1048832 [Id] WindowsEditor(7,DESKTOP-4U1JB59) [Debug] 1 [PackageName] WindowsEditor [ProjectName] Editor" joined alternative multi-casting on [225.0.0.222:34997]...

[Physics::Module] Initialized MultithreadedJobDispatcher with 11 workers.
Refreshing native plugins compatible for Editor in 14.52 ms, found 4 plugins.
Preloading 0 native plugins for Editor in 0.00 ms.
Initialize engine version: 2022.3.16f1 (d2c21f0ef2f1)
[Subsystems] Discovering subsystems at path C:/Program Files/Unity/Hub/Editor/2022.3.16f1/Editor/Data/Resources/UnitySubsystems
[Subsystems] Discovering subsystems at path C:/Users/Fantin Jacopo/Poker-Winter-Edition/Assets
GfxDevice: creating device client; threaded=0; jobified=0
Direct3D:
    Version:  Direct3D 11.0 [level 11.1]
    Renderer: NVIDIA GeForce RTX 3060 (ID=0x2487)
    Vendor:   NVIDIA
    VRAM:     12124 MB
    Driver:   31.0.15.4633
Initialize mono
Mono path[0] = 'C:/Program Files/Unity/Hub/Editor/2022.3.16f1/Editor/Data/Managed'
Mono path[1] = 'C:/Program Files/Unity/Hub/Editor/2022.3.16f1/Editor/Data/MonoBleedingEdge/lib/mono/unityjit-win32'
Mono config path = 'C:/Program Files/Unity/Hub/Editor/2022.3.16f1/Editor/Data/MonoBleedingEdge/etc'
Using monoOptions --debugger-agent=transport=dt_socket,embedding=1,server=y,suspend=n,address=127.0.0.1:56272
Begin MonoManager ReloadAssembly
Registering precompiled unity dll's ...
Register platform support module: C:/Program Files/Unity/Hub/Editor/2022.3.16f1/Editor/Data/PlaybackEngines/WebGLSupport/UnityEditor.WebGL.Extensions.dll
Register platform support module: C:/Program Files/Unity/Hub/Editor/2022.3.16f1/Editor/Data/PlaybackEngines/WindowsStandaloneSupport/UnityEditor.WindowsStandalone.Extensions.dll
Registered in 0.011157 seconds.
- Loaded All Assemblies, in  0.438 seconds
Native extension for WindowsStandalone target not found
Native extension for WebGL target not found
Mono: successfully reloaded assembly
- Finished resetting the current domain, in  0.273 seconds
Domain Reload Profiling: 709ms
	BeginReloadAssembly (143ms)
		ExecutionOrderSort (0ms)
		DisableScriptedObjects (0ms)
		BackupInstance (0ms)
		ReleaseScriptingObjects (0ms)
		CreateAndSetChildDomain (1ms)
	RebuildCommonClasses (40ms)
	RebuildNativeTypeToScriptingClass (14ms)
	initialDomainReloadingComplete (73ms)
	LoadAllAssembliesAndSetupDomain (165ms)
		LoadAssemblies (138ms)
		RebuildTransferFunctionScriptingTraits (0ms)
		AnalyzeDomain (163ms)
			TypeCache.Refresh (162ms)
				TypeCache.ScanAssembly (146ms)
			ScanForSourceGeneratedMonoScriptInfo (0ms)
			ResolveRequiredComponents (1ms)
	FinalizeReload (273ms)
		ReleaseScriptCaches (0ms)
		RebuildScriptCaches (0ms)
		SetupLoadedEditorAssemblies (221ms)
			LogAssemblyErrors (0ms)
			InitializePlatformSupportModulesInManaged (10ms)
			SetLoadedEditorAssemblies (5ms)
			RefreshPlugins (0ms)
			BeforeProcessingInitializeOnLoad (2ms)
			ProcessInitializeOnLoadAttributes (149ms)
			ProcessInitializeOnLoadMethodAttributes (55ms)
			AfterProcessingInitializeOnLoad (0ms)
			EditorAssembliesLoaded (0ms)
		ExecutionOrderSort2 (0ms)
		AwakeInstancesAfterBackupRestoration (0ms)
========================================================================
Worker process is ready to serve import requests
Begin MonoManager ReloadAssembly
- Loaded All Assemblies, in  0.592 seconds
Refreshing native plugins compatible for Editor in 4.56 ms, found 4 plugins.
Native extension for WindowsStandalone target not found
Native extension for WebGL target not found
Package Manager log level set to [2]
[Package Manager] Server::EnsureServerProcessIsRunning -- launch failed, reason: Unity was launched with the -noUpm command-line argument
[Package Manager] UpmClient::Send -- Unable to send message (not connected to UPM process).
[Package Manager] Cannot connect to Unity Package Manager local server
Mono: successfully reloaded assembly
- Finished resetting the current domain, in  0.606 seconds
Domain Reload Profiling: 1195ms
	BeginReloadAssembly (133ms)
		ExecutionOrderSort (0ms)
		DisableScriptedObjects (5ms)
		BackupInstance (0ms)
		ReleaseScriptingObjects (0ms)
		CreateAndSetChildDomain (20ms)
	RebuildCommonClasses (30ms)
	RebuildNativeTypeToScriptingClass (9ms)
	initialDomainReloadingComplete (36ms)
	LoadAllAssembliesAndSetupDomain (381ms)
		LoadAssemblies (287ms)
		RebuildTransferFunctionScriptingTraits (0ms)
		AnalyzeDomain (169ms)
			TypeCache.Refresh (150ms)
				TypeCache.ScanAssembly (136ms)
			ScanForSourceGeneratedMonoScriptInfo (16ms)
			ResolveRequiredComponents (3ms)
	FinalizeReload (606ms)
		ReleaseScriptCaches (0ms)
		RebuildScriptCaches (0ms)
		SetupLoadedEditorAssemblies (485ms)
			LogAssemblyErrors (0ms)
			InitializePlatformSupportModulesInManaged (6ms)
			SetLoadedEditorAssemblies (3ms)
			RefreshPlugins (0ms)
			BeforeProcessingInitializeOnLoad (53ms)
			ProcessInitializeOnLoadAttributes (399ms)
			ProcessInitializeOnLoadMethodAttributes (16ms)
			AfterProcessingInitializeOnLoad (7ms)
			EditorAssembliesLoaded (0ms)
		ExecutionOrderSort2 (0ms)
		AwakeInstancesAfterBackupRestoration (5ms)
Launched and connected shader compiler UnityShaderCompiler.exe after 0.04 seconds
Refreshing native plugins compatible for Editor in 6.54 ms, found 4 plugins.
Preloading 0 native plugins for Editor in 0.00 ms.
Unloading 3158 Unused Serialized files (Serialized files now loaded: 0)
Unloading 39 unused Assets / (61.4 KB). Loaded Objects now: 3632.
Memory consumption went from 144.5 MB to 144.4 MB.
Total: 3.546100 ms (FindLiveObjects: 0.251100 ms CreateObjectMapping: 0.134600 ms MarkObjects: 3.037700 ms  DeleteObjects: 0.121300 ms)

AssetImportParameters requested are different than current active one (requested -> active):
  custom:container-demuxer-ogg: 62fdf1f143b41e24485cea50d1cbac27 -> 
  custom:video-decoder-ogg-theora: a1e56fd34408186e4bbccfd4996cb3dc -> 
  custom:framework-win-MediaFoundation: 216162199b28c13a410421893ffa2e32 -> 
  custom:CustomObjectIndexerAttribute: 43b350a4d6e6d1791af0b5038c4bea17 -> 
  custom:container-demuxer-webm: 4f35f7cbe854078d1ac9338744f61a02 -> 
  custom:container-muxer-webm: aa71ff27fc2769a1b78a27578f13a17b -> 
  custom:video-decoder-webm-vp8: 9c59270c3fd7afecdb556c50c9e8de78 -> 
  custom:SearchIndexIgnoredProperties: e643bd26f0fe6173181afceb89e7c659 -> 
  custom:AudioImporter_EditorPlatform: d09bf68614088b80899f8185d706f6e7 -> 
  custom:video-encoder-webm-vp8: eb34c28f22e8b96e1ab97ce403110664 -> 
  custom:audio-decoder-ogg-vorbis: bf7c407c2cedff20999df2af8eb42d56 -> 
  custom:audio-encoder-webm-vorbis: bf7c407c2cedff20999df2af8eb42d56 -> 
========================================================================
Received Import Request.
  Time since last request: 25427.715872 seconds.
  path: Assets/Christmas Scene/Assets/Scene
  artifactKey: Guid(448e08669014fb441839873a83be32ce) Importer(815301076,1909f56bfc062723c751e8b465ee728b)
Start importing Assets/Christmas Scene/Assets/Scene using Guid(448e08669014fb441839873a83be32ce) Importer(815301076,1909f56bfc062723c751e8b465ee728b)  -> (artifact id: '820a4e22596d8f6b9a1d0ed3d9c92110') in 0.002315 seconds
Number of updated asset objects reloaded before import = 0
Number of asset objects unloaded after import = 0
========================================================================
Received Import Request.
  Time since last request: 1.349986 seconds.
  path: Assets/Christmas Scene/Assets/Scene/ChristmasScene
  artifactKey: Guid(23364a3c73092584c95b7376096fc3ee) Importer(815301076,1909f56bfc062723c751e8b465ee728b)
Start importing Assets/Christmas Scene/Assets/Scene/ChristmasScene using Guid(23364a3c73092584c95b7376096fc3ee) Importer(815301076,1909f56bfc062723c751e8b465ee728b)  -> (artifact id: '7eb9c249b761a414d918b72404bfc9f2') in 0.000413 seconds
Number of updated asset objects reloaded before import = 0
Number of asset objects unloaded after import = 0
========================================================================
Received Import Request.
  Time since last request: 0.074740 seconds.
  path: Assets/Christmas Scene/Assets/Scene/ChristmasScene/LightingData.asset
  artifactKey: Guid(ee963d58eed004c46b74b1669c809643) Importer(815301076,1909f56bfc062723c751e8b465ee728b)
Start importing Assets/Christmas Scene/Assets/Scene/ChristmasScene/LightingData.asset using Guid(ee963d58eed004c46b74b1669c809643) Importer(815301076,1909f56bfc062723c751e8b465ee728b)  -> (artifact id: '1636155abc5cafd93f7141af3e573f26') in 0.012720 seconds
Number of updated asset objects reloaded before import = 0
Number of asset objects unloaded after import = 2
========================================================================
Received Import Request.
  Time since last request: 9.487829 seconds.
  path: Assets/Christmas Scene/Assets/Models
  artifactKey: Guid(5b519c2d3ef8ba34e952ee7570ab13fc) Importer(815301076,1909f56bfc062723c751e8b465ee728b)
Start importing Assets/Christmas Scene/Assets/Models using Guid(5b519c2d3ef8ba34e952ee7570ab13fc) Importer(815301076,1909f56bfc062723c751e8b465ee728b)  -> (artifact id: '735be1f23c75af7f2b170252f8843915') in 0.000420 seconds
Number of updated asset objects reloaded before import = 0
Number of asset objects unloaded after import = 0
========================================================================
Received Import Request.
  Time since last request: 87.326097 seconds.
  path: Assets/Christmas Scene/Assets/Prefabs/Map.prefab
  artifactKey: Guid(a53b5cc4029600e43b225624c0e674d7) Importer(815301076,1909f56bfc062723c751e8b465ee728b)
Start importing Assets/Christmas Scene/Assets/Prefabs/Map.prefab using Guid(a53b5cc4029600e43b225624c0e674d7) Importer(815301076,1909f56bfc062723c751e8b465ee728b)  -> (artifact id: '47f1c65679395a7ae985840181c6ef3b') in 0.862885 seconds
Number of updated asset objects reloaded before import = 0
Number of asset objects unloaded after import = 28488
========================================================================
Received Import Request.
  Time since last request: 76.201548 seconds.
  path: Assets/Christmas Scene/Assets/Materials
  artifactKey: Guid(6e1e73fb0d1dbd945bda592fb5a2da8e) Importer(815301076,1909f56bfc062723c751e8b465ee728b)
Start importing Assets/Christmas Scene/Assets/Materials using Guid(6e1e73fb0d1dbd945bda592fb5a2da8e) Importer(815301076,1909f56bfc062723c751e8b465ee728b)  -> (artifact id: '8f1ddeb93a11a2765f89e457c6baf94b') in 0.003838 seconds
Number of updated asset objects reloaded before import = 0
Number of asset objects unloaded after import = 0
========================================================================
Received Import Request.
  Time since last request: 0.052001 seconds.
  path: Assets/Christmas Scene/Assets/Materials/Walls.mat
  artifactKey: Guid(cfdf603274ca6b0409505001fdc63920) Importer(815301076,1909f56bfc062723c751e8b465ee728b)
Start importing Assets/Christmas Scene/Assets/Materials/Walls.mat using Guid(cfdf603274ca6b0409505001fdc63920) Importer(815301076,1909f56bfc062723c751e8b465ee728b)  -> (artifact id: '1bf5d4376bec7ad6cabcd477ca90c25e') in 0.025244 seconds
Number of updated asset objects reloaded before import = 0
Number of asset objects unloaded after import = 1
========================================================================
Received Import Request.
  Time since last request: 1.695900 seconds.
  path: Assets/Christmas Scene/Assets/Materials/Ground
  artifactKey: Guid(c908164d4d36c8942a92996fdba12938) Importer(815301076,1909f56bfc062723c751e8b465ee728b)
Start importing Assets/Christmas Scene/Assets/Materials/Ground using Guid(c908164d4d36c8942a92996fdba12938) Importer(815301076,1909f56bfc062723c751e8b465ee728b)  -> (artifact id: 'cff6cb346b97ec21b0ef001d3200c50c') in 0.000692 seconds
Number of updated asset objects reloaded before import = 0
Number of asset objects unloaded after import = 0
========================================================================
Received Import Request.
  Time since last request: 0.032557 seconds.
  path: Assets/Christmas Scene/Assets/Materials/Ground/Wood.mat
  artifactKey: Guid(a3be526b70ed33649873d6e8dedd4701) Importer(815301076,1909f56bfc062723c751e8b465ee728b)
Start importing Assets/Christmas Scene/Assets/Materials/Ground/Wood.mat using Guid(a3be526b70ed33649873d6e8dedd4701) Importer(815301076,1909f56bfc062723c751e8b465ee728b)  -> (artifact id: '09f8b2b991cd2b6457a22127691f2eda') in 0.073395 seconds
Number of updated asset objects reloaded before import = 0
Number of asset objects unloaded after import = 3
========================================================================
Received Import Request.
  Time since last request: 131.936525 seconds.
  path: Assets/Christmas Scene/Assets/Materials/rubber_tiles_4k.blend
  artifactKey: Guid(65acd2a3d315ad343a2943664b6cf21f) Importer(815301076,1909f56bfc062723c751e8b465ee728b)
Start importing Assets/Christmas Scene/Assets/Materials/rubber_tiles_4k.blend using Guid(65acd2a3d315ad343a2943664b6cf21f) Importer(815301076,1909f56bfc062723c751e8b465ee728b)  -> (artifact id: 'ac03a2e49fd66479807343c74ded599a') in 0.001504 seconds
Number of updated asset objects reloaded before import = 0
Number of asset objects unloaded after import = 1
========================================================================
Received Import Request.
  Time since last request: 6.559351 seconds.
  path: Assets/Christmas Scene/Assets/Materials/plastered_wall_4k.blend
  artifactKey: Guid(255e7feb3c3bbfa48824484a3b4cfd8f) Importer(815301076,1909f56bfc062723c751e8b465ee728b)
Start importing Assets/Christmas Scene/Assets/Materials/plastered_wall_4k.blend using Guid(255e7feb3c3bbfa48824484a3b4cfd8f) Importer(815301076,1909f56bfc062723c751e8b465ee728b)  -> (artifact id: 'ecaded583baba01ef4853199d13c6b1b') in 0.001198 seconds
Number of updated asset objects reloaded before import = 0
Number of asset objects unloaded after import = 1
========================================================================
Received Import Request.
  Time since last request: 2.487958 seconds.
  path: Assets/Christmas Scene/Assets/Materials/textures 1
  artifactKey: Guid(1349cad7abbe39b419bc69f69ecd0a23) Importer(815301076,1909f56bfc062723c751e8b465ee728b)
Start importing Assets/Christmas Scene/Assets/Materials/textures 1 using Guid(1349cad7abbe39b419bc69f69ecd0a23) Importer(815301076,1909f56bfc062723c751e8b465ee728b)  -> (artifact id: '45bb2ca81f0d74ea8a23fee64aab81a6') in 0.000717 seconds
Number of updated asset objects reloaded before import = 0
Number of asset objects unloaded after import = 0
========================================================================
Received Import Request.
  Time since last request: 0.646071 seconds.
  path: Assets/Christmas Scene/Assets/Materials/textures
  artifactKey: Guid(1559890c668702c4ca88ee0287f7c0ab) Importer(815301076,1909f56bfc062723c751e8b465ee728b)
Start importing Assets/Christmas Scene/Assets/Materials/textures using Guid(1559890c668702c4ca88ee0287f7c0ab) Importer(815301076,1909f56bfc062723c751e8b465ee728b)  -> (artifact id: '1eafa725da133e73097fcad44644533c') in 0.000670 seconds
Number of updated asset objects reloaded before import = 0
Number of asset objects unloaded after import = 0
========================================================================
Received Import Request.
  Time since last request: 0.627265 seconds.
  path: Assets/Christmas Scene/Assets/Materials/textures/rubber_tiles_diff_4k.jpg
  artifactKey: Guid(74caa453a67eaee4ea53689e9538b30e) Importer(815301076,1909f56bfc062723c751e8b465ee728b)
Start importing Assets/Christmas Scene/Assets/Materials/textures/rubber_tiles_diff_4k.jpg using Guid(74caa453a67eaee4ea53689e9538b30e) Importer(815301076,1909f56bfc062723c751e8b465ee728b)  -> (artifact id: '0cb59e5425c159f0944bbd79ea13c621') in 0.033427 seconds
Number of updated asset objects reloaded before import = 0
Number of asset objects unloaded after import = 2
========================================================================
Received Import Request.
  Time since last request: 0.000016 seconds.
  path: Assets/Christmas Scene/Assets/Materials/textures/rubber_tiles_rough_4k.exr
  artifactKey: Guid(0003dba6aa6300645aeccf3fc47914e1) Importer(815301076,1909f56bfc062723c751e8b465ee728b)
Start importing Assets/Christmas Scene/Assets/Materials/textures/rubber_tiles_rough_4k.exr using Guid(0003dba6aa6300645aeccf3fc47914e1) Importer(815301076,1909f56bfc062723c751e8b465ee728b)  -> (artifact id: '4a9c280b5d017d6addd7fe5cf2b475c2') in 0.034351 seconds
Number of updated asset objects reloaded before import = 0
Number of asset objects unloaded after import = 2
========================================================================
Received Import Request.
  Time since last request: 54.929432 seconds.
  path: Assets/Christmas Scene/Assets/Materials/textures 1/plastered_wall_diff_4k.jpg
  artifactKey: Guid(cea56f0c55c6e6349a267a19a740b491) Importer(815301076,1909f56bfc062723c751e8b465ee728b)
Start importing Assets/Christmas Scene/Assets/Materials/textures 1/plastered_wall_diff_4k.jpg using Guid(cea56f0c55c6e6349a267a19a740b491) Importer(815301076,1909f56bfc062723c751e8b465ee728b)  -> (artifact id: '87fec665ce56edaa7487e90733d859f0') in 0.020605 seconds
Number of updated asset objects reloaded before import = 0
Number of asset objects unloaded after import = 2
========================================================================
Received Import Request.
  Time since last request: 0.000020 seconds.
  path: Assets/Christmas Scene/Assets/Materials/textures 1/plastered_wall_nor_gl_4k.exr
  artifactKey: Guid(f56a8de7db46f6f41b867744f78fa414) Importer(815301076,1909f56bfc062723c751e8b465ee728b)
Start importing Assets/Christmas Scene/Assets/Materials/textures 1/plastered_wall_nor_gl_4k.exr using Guid(f56a8de7db46f6f41b867744f78fa414) Importer(815301076,1909f56bfc062723c751e8b465ee728b)  -> (artifact id: 'fd36a47841fed65473965d88d7301b74') in 0.023400 seconds
Number of updated asset objects reloaded before import = 0
Number of asset objects unloaded after import = 2
========================================================================
Received Import Request.
  Time since last request: 11.000754 seconds.
  path: Assets/Christmas Scene/Assets/Materials/textures 1/New Material.mat
  artifactKey: Guid(4b11fee2e54b06240b921008156fb0cb) Importer(815301076,1909f56bfc062723c751e8b465ee728b)
Start importing Assets/Christmas Scene/Assets/Materials/textures 1/New Material.mat using Guid(4b11fee2e54b06240b921008156fb0cb) Importer(815301076,1909f56bfc062723c751e8b465ee728b)  -> (artifact id: 'e5a8e6346a48ab347c951c2f4f3132e3') in 0.012500 seconds
Number of updated asset objects reloaded before import = 0
Number of asset objects unloaded after import = 1
========================================================================
Received Import Request.
  Time since last request: 128.163438 seconds.
  path: Assets/Christmas Scene/Assets/Materials/textures 2
  artifactKey: Guid(6494e90fc7e04b44b964658e70972d7a) Importer(815301076,1909f56bfc062723c751e8b465ee728b)
Start importing Assets/Christmas Scene/Assets/Materials/textures 2 using Guid(6494e90fc7e04b44b964658e70972d7a) Importer(815301076,1909f56bfc062723c751e8b465ee728b)  -> (artifact id: 'bfb933b470e29e921af2d63cc3fdb862') in 0.000606 seconds
Number of updated asset objects reloaded before import = 0
Number of asset objects unloaded after import = 0
========================================================================
Received Import Request.
  Time since last request: 0.042213 seconds.
  path: Assets/Christmas Scene/Assets/Materials/textures 2/denim_fabric_diff_4k.jpg
  artifactKey: Guid(213da6da453519d4a93a4c1f3cc4f271) Importer(815301076,1909f56bfc062723c751e8b465ee728b)
Start importing Assets/Christmas Scene/Assets/Materials/textures 2/denim_fabric_diff_4k.jpg using Guid(213da6da453519d4a93a4c1f3cc4f271) Importer(815301076,1909f56bfc062723c751e8b465ee728b)  -> (artifact id: 'a368ebd0f840bafea7fc7a0173a0bd77') in 0.019470 seconds
Number of updated asset objects reloaded before import = 0
Number of asset objects unloaded after import = 2
========================================================================
Received Import Request.
  Time since last request: 0.000016 seconds.
  path: Assets/Christmas Scene/Assets/Materials/textures 2/denim_fabric_nor_gl_4k.exr
  artifactKey: Guid(67a7297e06d9a15498f55dc9494867e4) Importer(815301076,1909f56bfc062723c751e8b465ee728b)
Start importing Assets/Christmas Scene/Assets/Materials/textures 2/denim_fabric_nor_gl_4k.exr using Guid(67a7297e06d9a15498f55dc9494867e4) Importer(815301076,1909f56bfc062723c751e8b465ee728b)  -> (artifact id: '7e80267cbddd80081b707c10b77a324b') in 0.019599 seconds
Number of updated asset objects reloaded before import = 0
Number of asset objects unloaded after import = 2
========================================================================
Received Import Request.
  Time since last request: 7.408480 seconds.
  path: Assets/Christmas Scene/Assets/Materials/textures 2/denim.mat
  artifactKey: Guid(45ac631510825904e9599aae48720493) Importer(815301076,1909f56bfc062723c751e8b465ee728b)
Start importing Assets/Christmas Scene/Assets/Materials/textures 2/denim.mat using Guid(45ac631510825904e9599aae48720493) Importer(815301076,1909f56bfc062723c751e8b465ee728b)  -> (artifact id: '35cc1512caba052d5294c886199333c6') in 0.011699 seconds
Number of updated asset objects reloaded before import = 0
Number of asset objects unloaded after import = 1
========================================================================
Received Import Request.
  Time since last request: 550.386638 seconds.
  path: Assets/Christmas Scene/Assets/Materials/Walls.mat
  artifactKey: Guid(cfdf603274ca6b0409505001fdc63920) Importer(815301076,1909f56bfc062723c751e8b465ee728b)
Start importing Assets/Christmas Scene/Assets/Materials/Walls.mat using Guid(cfdf603274ca6b0409505001fdc63920) Importer(815301076,1909f56bfc062723c751e8b465ee728b)  -> (artifact id: 'a17588818f2333f3cd741c111b5414ef') in 0.015870 seconds
Number of updated asset objects reloaded before import = 0
Number of asset objects unloaded after import = 2
========================================================================
Received Import Request.
  Time since last request: 563.587422 seconds.
  path: Assets/Christmas Scene/Assets/Materials/textures 2/denim.mat
  artifactKey: Guid(45ac631510825904e9599aae48720493) Importer(815301076,1909f56bfc062723c751e8b465ee728b)
Start importing Assets/Christmas Scene/Assets/Materials/textures 2/denim.mat using Guid(45ac631510825904e9599aae48720493) Importer(815301076,1909f56bfc062723c751e8b465ee728b)  -> (artifact id: '567552f0b46ed2caed46e6bebc5ea2ff') in 0.061207 seconds
Number of updated asset objects reloaded before import = 0
Number of asset objects unloaded after import = 2
========================================================================
Received Import Request.
  Time since last request: 17.643391 seconds.
  path: Assets/Christmas Scene/Assets/Materials/textures 3
  artifactKey: Guid(e4a834b49de494d42a0d4cb8e069c710) Importer(815301076,1909f56bfc062723c751e8b465ee728b)
Start importing Assets/Christmas Scene/Assets/Materials/textures 3 using Guid(e4a834b49de494d42a0d4cb8e069c710) Importer(815301076,1909f56bfc062723c751e8b465ee728b)  -> (artifact id: 'ff0a5242d9e53d2bd47b590c0cf0fd58') in 0.000602 seconds
Number of updated asset objects reloaded before import = 0
Number of asset objects unloaded after import = 0
========================================================================
Received Import Request.
  Time since last request: 0.068717 seconds.
  path: Assets/Christmas Scene/Assets/Materials/textures 3/rubber_tiles_diff_4k.jpg
  artifactKey: Guid(d535bef8539001c45ad7652d2983c5f7) Importer(815301076,1909f56bfc062723c751e8b465ee728b)
Start importing Assets/Christmas Scene/Assets/Materials/textures 3/rubber_tiles_diff_4k.jpg using Guid(d535bef8539001c45ad7652d2983c5f7) Importer(815301076,1909f56bfc062723c751e8b465ee728b)  -> (artifact id: 'be213b854ed8cfac30a64a0754a13177') in 0.012934 seconds
Number of updated asset objects reloaded before import = 0
Number of asset objects unloaded after import = 2
========================================================================
Received Import Request.
  Time since last request: 0.000012 seconds.
  path: Assets/Christmas Scene/Assets/Materials/textures 3/rubber_tiles_nor_gl_4k.exr
  artifactKey: Guid(162331da0bf54064ca5c4629986507a8) Importer(815301076,1909f56bfc062723c751e8b465ee728b)
Start importing Assets/Christmas Scene/Assets/Materials/textures 3/rubber_tiles_nor_gl_4k.exr using Guid(162331da0bf54064ca5c4629986507a8) Importer(815301076,1909f56bfc062723c751e8b465ee728b)  -> (artifact id: '6721021b063e097a068556be9bd360a6') in 0.018036 seconds
Number of updated asset objects reloaded before import = 0
Number of asset objects unloaded after import = 2
========================================================================
Received Import Request.
  Time since last request: 12.148184 seconds.
  path: Assets/Christmas Scene/Assets/Materials/textures 3/New Material.mat
  artifactKey: Guid(d813f6d11a60d4e4ba69d43114fe1604) Importer(815301076,1909f56bfc062723c751e8b465ee728b)
Start importing Assets/Christmas Scene/Assets/Materials/textures 3/New Material.mat using Guid(d813f6d11a60d4e4ba69d43114fe1604) Importer(815301076,1909f56bfc062723c751e8b465ee728b)  -> (artifact id: 'fb8a63b7c208db230fafe5cb5afb0239') in 0.014452 seconds
Number of updated asset objects reloaded before import = 0
Number of asset objects unloaded after import = 1
========================================================================
Received Import Request.
  Time since last request: 534.596978 seconds.
  path: Assets/Christmas Scene/Assets/Models/Wreath
  artifactKey: Guid(f4342b92c9212dc43bfc6a1164258de9) Importer(815301076,1909f56bfc062723c751e8b465ee728b)
Start importing Assets/Christmas Scene/Assets/Models/Wreath using Guid(f4342b92c9212dc43bfc6a1164258de9) Importer(815301076,1909f56bfc062723c751e8b465ee728b)  -> (artifact id: 'f5a6f18dde8c8d1ed3ce7ed0cfb5f5a6') in 0.000694 seconds
Number of updated asset objects reloaded before import = 0
Number of asset objects unloaded after import = 0
========================================================================
Received Import Request.
  Time since last request: 0.066908 seconds.
  path: Assets/Christmas Scene/Assets/Models/Wreath/Wreath.dae
  artifactKey: Guid(76a442ac52bae5c4698dde6c2bb72b6b) Importer(815301076,1909f56bfc062723c751e8b465ee728b)
Start importing Assets/Christmas Scene/Assets/Models/Wreath/Wreath.dae using Guid(76a442ac52bae5c4698dde6c2bb72b6b) Importer(815301076,1909f56bfc062723c751e8b465ee728b)  -> (artifact id: '23a95eea7aafabdb8cf3b64e9f3d6244') in 0.364612 seconds
Number of updated asset objects reloaded before import = 0
Number of asset objects unloaded after import = 10976
========================================================================
Received Import Request.
  Time since last request: 9.189389 seconds.
  path: Assets/Christmas Scene/Assets/Models/Lights
  artifactKey: Guid(1f16b057fa36cec4fadb944992290203) Importer(815301076,1909f56bfc062723c751e8b465ee728b)
Start importing Assets/Christmas Scene/Assets/Models/Lights using Guid(1f16b057fa36cec4fadb944992290203) Importer(815301076,1909f56bfc062723c751e8b465ee728b)  -> (artifact id: 'c1b38f7b22e6af3d05920b28b53dd705') in 0.001176 seconds
Number of updated asset objects reloaded before import = 0
Number of asset objects unloaded after import = 0
========================================================================
Received Import Request.
  Time since last request: 0.637767 seconds.
  path: Assets/Christmas Scene/Assets/Models/Ornamental
  artifactKey: Guid(8406270f324f5eb41a88f6f0304f7ad2) Importer(815301076,1909f56bfc062723c751e8b465ee728b)
Start importing Assets/Christmas Scene/Assets/Models/Ornamental using Guid(8406270f324f5eb41a88f6f0304f7ad2) Importer(815301076,1909f56bfc062723c751e8b465ee728b)  -> (artifact id: '5f4348da3a372d08a385201d20864b43') in 0.000678 seconds
Number of updated asset objects reloaded before import = 0
Number of asset objects unloaded after import = 0
========================================================================
Received Import Request.
  Time since last request: 0.531566 seconds.
  path: Assets/Christmas Scene/Assets/Models/Lights/Blue.mat
  artifactKey: Guid(ca82df84ab44af04f9a75a646fae62cb) Importer(815301076,1909f56bfc062723c751e8b465ee728b)
Start importing Assets/Christmas Scene/Assets/Models/Lights/Blue.mat using Guid(ca82df84ab44af04f9a75a646fae62cb) Importer(815301076,1909f56bfc062723c751e8b465ee728b)  -> (artifact id: '2d917db99c4121cf3bbe307f63f7ad68') in 0.015305 seconds
Number of updated asset objects reloaded before import = 0
Number of asset objects unloaded after import = 1
========================================================================
Received Import Request.
  Time since last request: 0.028013 seconds.
  path: Assets/Christmas Scene/Assets/Models/Lights/Orange.mat
  artifactKey: Guid(c873411ae1881e54dabbdd772630cc78) Importer(815301076,1909f56bfc062723c751e8b465ee728b)
Start importing Assets/Christmas Scene/Assets/Models/Lights/Orange.mat using Guid(c873411ae1881e54dabbdd772630cc78) Importer(815301076,1909f56bfc062723c751e8b465ee728b)  -> (artifact id: '224735db6830815515c07f7100210f2c') in 0.023876 seconds
Number of updated asset objects reloaded before import = 0
Number of asset objects unloaded after import = 1
========================================================================
Received Import Request.
  Time since last request: 0.000017 seconds.
  path: Assets/Christmas Scene/Assets/Models/Lights/Structure.mat
  artifactKey: Guid(3487d3f6f43410d4f86b5dd5a74b3703) Importer(815301076,1909f56bfc062723c751e8b465ee728b)
Start importing Assets/Christmas Scene/Assets/Models/Lights/Structure.mat using Guid(3487d3f6f43410d4f86b5dd5a74b3703) Importer(815301076,1909f56bfc062723c751e8b465ee728b)  -> (artifact id: '5117df5b5f118c0711687b4bba5feb15') in 0.018981 seconds
Number of updated asset objects reloaded before import = 0
Number of asset objects unloaded after import = 1
========================================================================
Received Import Request.
  Time since last request: 0.000027 seconds.
  path: Assets/Christmas Scene/Assets/Models/Lights/Yellow.mat
  artifactKey: Guid(7a38bb33e955b8845b79f6bf72c7b227) Importer(815301076,1909f56bfc062723c751e8b465ee728b)
Start importing Assets/Christmas Scene/Assets/Models/Lights/Yellow.mat using Guid(7a38bb33e955b8845b79f6bf72c7b227) Importer(815301076,1909f56bfc062723c751e8b465ee728b)  -> (artifact id: 'c9fc07e89ece34ecb14d9bb14dc5c048') in 0.033094 seconds
Number of updated asset objects reloaded before import = 0
Number of asset objects unloaded after import = 1
========================================================================
Received Import Request.
  Time since last request: 0.000014 seconds.
  path: Assets/Christmas Scene/Assets/Models/Lights/Lights.fbx
  artifactKey: Guid(bf22a8d023bb3f84cbd8cec194dfe174) Importer(815301076,1909f56bfc062723c751e8b465ee728b)
Start importing Assets/Christmas Scene/Assets/Models/Lights/Lights.fbx using Guid(bf22a8d023bb3f84cbd8cec194dfe174) Importer(815301076,1909f56bfc062723c751e8b465ee728b)  -> (artifact id: '97115889b037f8defacfca075c70f5da') in 0.784296 seconds
Number of updated asset objects reloaded before import = 0
Number of asset objects unloaded after import = 1049
========================================================================
Received Import Request.
  Time since last request: 2.163933 seconds.
  path: Assets/Christmas Scene/Assets/Models/Ornamental/Ornamental.obj
  artifactKey: Guid(7dfe9001ce6ed2b4fb1b8abad66ea521) Importer(815301076,1909f56bfc062723c751e8b465ee728b)
Start importing Assets/Christmas Scene/Assets/Models/Ornamental/Ornamental.obj using Guid(7dfe9001ce6ed2b4fb1b8abad66ea521) Importer(815301076,1909f56bfc062723c751e8b465ee728b)  -> (artifact id: 'ce4b31a5aa442f1b7bee270552019868') in 0.046987 seconds
Number of updated asset objects reloaded before import = 0
Number of asset objects unloaded after import = 28
========================================================================
Received Import Request.
  Time since last request: 2.303179 seconds.
  path: Assets/Christmas Scene/Assets/Models/Gifts
  artifactKey: Guid(467abe6b21e03c54cbf258c287944fd9) Importer(815301076,1909f56bfc062723c751e8b465ee728b)
Start importing Assets/Christmas Scene/Assets/Models/Gifts using Guid(467abe6b21e03c54cbf258c287944fd9) Importer(815301076,1909f56bfc062723c751e8b465ee728b)  -> (artifact id: 'd02137dcbccf75debdd86de373a9997a') in 0.000805 seconds
Number of updated asset objects reloaded before import = 0
Number of asset objects unloaded after import = 0
========================================================================
Received Import Request.
  Time since last request: 2.402027 seconds.
  path: Assets/Christmas Scene/Assets/Models/Candy Cane
  artifactKey: Guid(61920dd699072da4aadec9c090cd82aa) Importer(815301076,1909f56bfc062723c751e8b465ee728b)
Start importing Assets/Christmas Scene/Assets/Models/Candy Cane using Guid(61920dd699072da4aadec9c090cd82aa) Importer(815301076,1909f56bfc062723c751e8b465ee728b)  -> (artifact id: 'a8e25919a6e237850e8e01bc0c002080') in 0.000658 seconds
Number of updated asset objects reloaded before import = 0
Number of asset objects unloaded after import = 0
========================================================================
Received Import Request.
  Time since last request: 0.026414 seconds.
  path: Assets/Christmas Scene/Assets/Models/Candy Cane/Candy Cane.dae
  artifactKey: Guid(2a25f96e2238f7749a4b676fe9493ba7) Importer(815301076,1909f56bfc062723c751e8b465ee728b)
Start importing Assets/Christmas Scene/Assets/Models/Candy Cane/Candy Cane.dae using Guid(2a25f96e2238f7749a4b676fe9493ba7) Importer(815301076,1909f56bfc062723c751e8b465ee728b)  -> (artifact id: '36feace99b00668842a45c050eca92d1') in 0.040118 seconds
Number of updated asset objects reloaded before import = 0
Number of asset objects unloaded after import = 24
========================================================================
Received Import Request.
  Time since last request: 3.840436 seconds.
  path: Assets/Christmas Scene/Assets/Models/Window
  artifactKey: Guid(c0c9fb5fcb1fca54a9e1d5196deb97cf) Importer(815301076,1909f56bfc062723c751e8b465ee728b)
Start importing Assets/Christmas Scene/Assets/Models/Window using Guid(c0c9fb5fcb1fca54a9e1d5196deb97cf) Importer(815301076,1909f56bfc062723c751e8b465ee728b)  -> (artifact id: '38e4ab5a9d0390c68f84115923271b03') in 0.000631 seconds
Number of updated asset objects reloaded before import = 0
Number of asset objects unloaded after import = 0
========================================================================
Received Import Request.
  Time since last request: 0.098314 seconds.
  path: Assets/Christmas Scene/Assets/Models/Window/Window.dae
  artifactKey: Guid(ebe3081f719d22b45870e771a97495eb) Importer(815301076,1909f56bfc062723c751e8b465ee728b)
Start importing Assets/Christmas Scene/Assets/Models/Window/Window.dae using Guid(ebe3081f719d22b45870e771a97495eb) Importer(815301076,1909f56bfc062723c751e8b465ee728b)  -> (artifact id: 'f1048104dd997f9cb3c56e85b19ad023') in 0.060380 seconds
Number of updated asset objects reloaded before import = 0
Number of asset objects unloaded after import = 183
