Using pre-set license
Built from '2022.3/staging' branch; Version is '2022.3.16f1 (d2c21f0ef2f1) revision 13812255'; Using compiler version '192829333'; Build Type 'Release'
OS: 'Windows 11  (10.0.22621) 64bit Professional' Language: 'it' Physical Memory: 32653 MB
BatchMode: 1, IsHumanControllingUs: 0, StartBugReporterOnCrash: 0, Is64bit: 1, IsPro: 1

COMMAND LINE ARGUMENTS:
C:\Program Files\Unity\Hub\Editor\2022.3.16f1\Editor\Unity.exe
-adb2
-batchMode
-noUpm
-name
AssetImportWorker2
-projectPath
C:/Users/Fantin Jacopo/Poker-Winter-Edition
-logFile
Logs/AssetImportWorker2.log
-srvPort
54246
Successfully changed project path to: C:/Users/Fantin Jacopo/Poker-Winter-Edition
C:/Users/Fantin Jacopo/Poker-Winter-Edition
[UnityMemory] Configuration Parameters - Can be set up in boot.config
    "memorysetup-bucket-allocator-granularity=16"
    "memorysetup-bucket-allocator-bucket-count=8"
    "memorysetup-bucket-allocator-block-size=33554432"
    "memorysetup-bucket-allocator-block-count=8"
    "memorysetup-main-allocator-block-size=16777216"
    "memorysetup-thread-allocator-block-size=16777216"
    "memorysetup-gfx-main-allocator-block-size=16777216"
    "memorysetup-gfx-thread-allocator-block-size=16777216"
    "memorysetup-cache-allocator-block-size=4194304"
    "memorysetup-typetree-allocator-block-size=2097152"
    "memorysetup-profiler-bucket-allocator-granularity=16"
    "memorysetup-profiler-bucket-allocator-bucket-count=8"
    "memorysetup-profiler-bucket-allocator-block-size=33554432"
    "memorysetup-profiler-bucket-allocator-block-count=8"
    "memorysetup-profiler-allocator-block-size=16777216"
    "memorysetup-profiler-editor-allocator-block-size=1048576"
    "memorysetup-temp-allocator-size-main=16777216"
    "memorysetup-job-temp-allocator-block-size=2097152"
    "memorysetup-job-temp-allocator-block-size-background=1048576"
    "memorysetup-job-temp-allocator-reduction-small-platforms=262144"
    "memorysetup-allocator-temp-initial-block-size-main=262144"
    "memorysetup-allocator-temp-initial-block-size-worker=262144"
    "memorysetup-temp-allocator-size-background-worker=32768"
    "memorysetup-temp-allocator-size-job-worker=262144"
    "memorysetup-temp-allocator-size-preload-manager=33554432"
    "memorysetup-temp-allocator-size-nav-mesh-worker=65536"
    "memorysetup-temp-allocator-size-audio-worker=65536"
    "memorysetup-temp-allocator-size-cloud-worker=32768"
    "memorysetup-temp-allocator-size-gi-baking-worker=262144"
    "memorysetup-temp-allocator-size-gfx=262144"
Player connection [27376] Host "[IP] 192.168.1.9 [Port] 0 [Flags] 2 [Guid] 883896352 [EditorId] 883896352 [Version] 1048832 [Id] WindowsEditor(7,DESKTOP-4U1JB59) [Debug] 1 [PackageName] WindowsEditor [ProjectName] Editor" joined multi-casting on [225.0.0.222:54997]...

Player connection [27376] Host "[IP] 192.168.1.9 [Port] 0 [Flags] 2 [Guid] 883896352 [EditorId] 883896352 [Version] 1048832 [Id] WindowsEditor(7,DESKTOP-4U1JB59) [Debug] 1 [PackageName] WindowsEditor [ProjectName] Editor" joined alternative multi-casting on [225.0.0.222:34997]...

[Physics::Module] Initialized MultithreadedJobDispatcher with 11 workers.
Refreshing native plugins compatible for Editor in 7.68 ms, found 3 plugins.
Preloading 0 native plugins for Editor in 0.00 ms.
Initialize engine version: 2022.3.16f1 (d2c21f0ef2f1)
[Subsystems] Discovering subsystems at path C:/Program Files/Unity/Hub/Editor/2022.3.16f1/Editor/Data/Resources/UnitySubsystems
[Subsystems] Discovering subsystems at path C:/Users/Fantin Jacopo/Poker-Winter-Edition/Assets
GfxDevice: creating device client; threaded=0; jobified=0
Direct3D:
    Version:  Direct3D 11.0 [level 11.1]
    Renderer: NVIDIA GeForce RTX 3060 (ID=0x2487)
    Vendor:   NVIDIA
    VRAM:     12124 MB
    Driver:   31.0.15.4633
Initialize mono
Mono path[0] = 'C:/Program Files/Unity/Hub/Editor/2022.3.16f1/Editor/Data/Managed'
Mono path[1] = 'C:/Program Files/Unity/Hub/Editor/2022.3.16f1/Editor/Data/MonoBleedingEdge/lib/mono/unityjit-win32'
Mono config path = 'C:/Program Files/Unity/Hub/Editor/2022.3.16f1/Editor/Data/MonoBleedingEdge/etc'
Using monoOptions --debugger-agent=transport=dt_socket,embedding=1,server=y,suspend=n,address=127.0.0.1:56848
Begin MonoManager ReloadAssembly
Registering precompiled unity dll's ...
Register platform support module: C:/Program Files/Unity/Hub/Editor/2022.3.16f1/Editor/Data/PlaybackEngines/WebGLSupport/UnityEditor.WebGL.Extensions.dll
Register platform support module: C:/Program Files/Unity/Hub/Editor/2022.3.16f1/Editor/Data/PlaybackEngines/WindowsStandaloneSupport/UnityEditor.WindowsStandalone.Extensions.dll
Registered in 0.008214 seconds.
- Loaded All Assemblies, in  0.280 seconds
Native extension for WindowsStandalone target not found
Native extension for WebGL target not found
Mono: successfully reloaded assembly
- Finished resetting the current domain, in  0.211 seconds
Domain Reload Profiling: 489ms
	BeginReloadAssembly (86ms)
		ExecutionOrderSort (0ms)
		DisableScriptedObjects (0ms)
		BackupInstance (0ms)
		ReleaseScriptingObjects (0ms)
		CreateAndSetChildDomain (1ms)
	RebuildCommonClasses (26ms)
	RebuildNativeTypeToScriptingClass (8ms)
	initialDomainReloadingComplete (51ms)
	LoadAllAssembliesAndSetupDomain (107ms)
		LoadAssemblies (84ms)
		RebuildTransferFunctionScriptingTraits (0ms)
		AnalyzeDomain (106ms)
			TypeCache.Refresh (104ms)
				TypeCache.ScanAssembly (93ms)
			ScanForSourceGeneratedMonoScriptInfo (0ms)
			ResolveRequiredComponents (0ms)
	FinalizeReload (211ms)
		ReleaseScriptCaches (0ms)
		RebuildScriptCaches (0ms)
		SetupLoadedEditorAssemblies (166ms)
			LogAssemblyErrors (0ms)
			InitializePlatformSupportModulesInManaged (8ms)
			SetLoadedEditorAssemblies (4ms)
			RefreshPlugins (0ms)
			BeforeProcessingInitializeOnLoad (2ms)
			ProcessInitializeOnLoadAttributes (114ms)
			ProcessInitializeOnLoadMethodAttributes (37ms)
			AfterProcessingInitializeOnLoad (0ms)
			EditorAssembliesLoaded (0ms)
		ExecutionOrderSort2 (0ms)
		AwakeInstancesAfterBackupRestoration (0ms)
========================================================================
Worker process is ready to serve import requests
Begin MonoManager ReloadAssembly
- Loaded All Assemblies, in  0.489 seconds
Refreshing native plugins compatible for Editor in 3.24 ms, found 3 plugins.
Native extension for WindowsStandalone target not found
Native extension for WebGL target not found
Package Manager log level set to [2]
[Package Manager] Server::EnsureServerProcessIsRunning -- launch failed, reason: Unity was launched with the -noUpm command-line argument
[Package Manager] UpmClient::Send -- Unable to send message (not connected to UPM process).
[Package Manager] Cannot connect to Unity Package Manager local server
Mono: successfully reloaded assembly
- Finished resetting the current domain, in  0.572 seconds
Domain Reload Profiling: 1058ms
	BeginReloadAssembly (125ms)
		ExecutionOrderSort (0ms)
		DisableScriptedObjects (4ms)
		BackupInstance (0ms)
		ReleaseScriptingObjects (0ms)
		CreateAndSetChildDomain (21ms)
	RebuildCommonClasses (26ms)
	RebuildNativeTypeToScriptingClass (8ms)
	initialDomainReloadingComplete (34ms)
	LoadAllAssembliesAndSetupDomain (292ms)
		LoadAssemblies (233ms)
		RebuildTransferFunctionScriptingTraits (0ms)
		AnalyzeDomain (131ms)
			TypeCache.Refresh (115ms)
				TypeCache.ScanAssembly (104ms)
			ScanForSourceGeneratedMonoScriptInfo (11ms)
			ResolveRequiredComponents (3ms)
	FinalizeReload (573ms)
		ReleaseScriptCaches (0ms)
		RebuildScriptCaches (0ms)
		SetupLoadedEditorAssemblies (460ms)
			LogAssemblyErrors (0ms)
			InitializePlatformSupportModulesInManaged (8ms)
			SetLoadedEditorAssemblies (4ms)
			RefreshPlugins (0ms)
			BeforeProcessingInitializeOnLoad (49ms)
			ProcessInitializeOnLoadAttributes (377ms)
			ProcessInitializeOnLoadMethodAttributes (16ms)
			AfterProcessingInitializeOnLoad (7ms)
			EditorAssembliesLoaded (0ms)
		ExecutionOrderSort2 (0ms)
		AwakeInstancesAfterBackupRestoration (5ms)
Launched and connected shader compiler UnityShaderCompiler.exe after 0.03 seconds
Refreshing native plugins compatible for Editor in 4.75 ms, found 3 plugins.
Preloading 0 native plugins for Editor in 0.00 ms.
Unloading 3099 Unused Serialized files (Serialized files now loaded: 0)
Unloading 32 unused Assets / (57.3 KB). Loaded Objects now: 3564.
Memory consumption went from 128.2 MB to 128.1 MB.
Total: 3.023900 ms (FindLiveObjects: 0.377000 ms CreateObjectMapping: 0.110200 ms MarkObjects: 2.435800 ms  DeleteObjects: 0.100100 ms)

AssetImportParameters requested are different than current active one (requested -> active):
  custom:container-demuxer-ogg: 62fdf1f143b41e24485cea50d1cbac27 -> 
  custom:video-decoder-ogg-theora: a1e56fd34408186e4bbccfd4996cb3dc -> 
  custom:framework-win-MediaFoundation: 216162199b28c13a410421893ffa2e32 -> 
  custom:CustomObjectIndexerAttribute: 43b350a4d6e6d1791af0b5038c4bea17 -> 
  custom:container-demuxer-webm: 4f35f7cbe854078d1ac9338744f61a02 -> 
  custom:container-muxer-webm: aa71ff27fc2769a1b78a27578f13a17b -> 
  custom:video-decoder-webm-vp8: 9c59270c3fd7afecdb556c50c9e8de78 -> 
  custom:SearchIndexIgnoredProperties: e643bd26f0fe6173181afceb89e7c659 -> 
  custom:AudioImporter_EditorPlatform: d09bf68614088b80899f8185d706f6e7 -> 
  custom:video-encoder-webm-vp8: eb34c28f22e8b96e1ab97ce403110664 -> 
  custom:audio-decoder-ogg-vorbis: bf7c407c2cedff20999df2af8eb42d56 -> 
  custom:audio-encoder-webm-vorbis: bf7c407c2cedff20999df2af8eb42d56 -> 
========================================================================
Received Import Request.
  Time since last request: 25755.465980 seconds.
  path: Assets/Playing Cards/Resource/Materials
  artifactKey: Guid(c3e54175654f85b49ab61e1c2575604f) Importer(815301076,1909f56bfc062723c751e8b465ee728b)
Start importing Assets/Playing Cards/Resource/Materials using Guid(c3e54175654f85b49ab61e1c2575604f) Importer(815301076,1909f56bfc062723c751e8b465ee728b)  -> (artifact id: '9d51015c27387b829539f16527f9c7ca') in 0.002796 seconds
Number of updated asset objects reloaded before import = 0
Number of asset objects unloaded after import = 0
========================================================================
Received Import Request.
  Time since last request: 8.813511 seconds.
  path: Assets/Playing Cards/Resource/Prefab/CasinoItem/CasinoChip20_Black_00.prefab
  artifactKey: Guid(a210f3a6cac261c4a802d91d76b886a1) Importer(815301076,1909f56bfc062723c751e8b465ee728b)
Start importing Assets/Playing Cards/Resource/Prefab/CasinoItem/CasinoChip20_Black_00.prefab using Guid(a210f3a6cac261c4a802d91d76b886a1) Importer(815301076,1909f56bfc062723c751e8b465ee728b)  -> (artifact id: 'ee0b68eb9465895c3ef82926d46d8c19') in 0.188493 seconds
Number of updated asset objects reloaded before import = 0
Number of asset objects unloaded after import = 114
========================================================================
Received Import Request.
  Time since last request: 0.000021 seconds.
  path: Assets/Playing Cards/Resource/Prefab/CasinoItem/CasinoChip_Red_00.prefab
  artifactKey: Guid(dfdbd0003676533429e1a2da8563a50d) Importer(815301076,1909f56bfc062723c751e8b465ee728b)
Start importing Assets/Playing Cards/Resource/Prefab/CasinoItem/CasinoChip_Red_00.prefab using Guid(dfdbd0003676533429e1a2da8563a50d) Importer(815301076,1909f56bfc062723c751e8b465ee728b)  -> (artifact id: '66cfca58f9443664a24d0ee7e50a99f1') in 0.016349 seconds
Number of updated asset objects reloaded before import = 0
Number of asset objects unloaded after import = 11
========================================================================
Received Import Request.
  Time since last request: 0.000028 seconds.
  path: Assets/Playing Cards/Resource/Prefab/CasinoItem/CasinoChip_White_00.prefab
  artifactKey: Guid(2182c7e1f0aa60e4590540b85b7a69d8) Importer(815301076,1909f56bfc062723c751e8b465ee728b)
Start importing Assets/Playing Cards/Resource/Prefab/CasinoItem/CasinoChip_White_00.prefab using Guid(2182c7e1f0aa60e4590540b85b7a69d8) Importer(815301076,1909f56bfc062723c751e8b465ee728b)  -> (artifact id: '9b577b4dc3a824f3b4f2f3457c279595') in 0.018941 seconds
Number of updated asset objects reloaded before import = 0
Number of asset objects unloaded after import = 11
========================================================================
Received Import Request.
  Time since last request: 0.000015 seconds.
  path: Assets/Playing Cards/Resource/Prefab/CasinoItem/CasinoChip20_Red_00.prefab
  artifactKey: Guid(75e505e91b212b54386db9c4f8437175) Importer(815301076,1909f56bfc062723c751e8b465ee728b)
Start importing Assets/Playing Cards/Resource/Prefab/CasinoItem/CasinoChip20_Red_00.prefab using Guid(75e505e91b212b54386db9c4f8437175) Importer(815301076,1909f56bfc062723c751e8b465ee728b)  -> (artifact id: 'fa5ec3f787aa8878a08e783cb445b647') in 0.019810 seconds
Number of updated asset objects reloaded before import = 0
Number of asset objects unloaded after import = 116
========================================================================
Received Import Request.
  Time since last request: 0.000016 seconds.
  path: Assets/Playing Cards/Resource/Prefab/CasinoItem/Table_Square_00.prefab
  artifactKey: Guid(f8a59f4e9fdd7a54e811e96aa28d43b7) Importer(815301076,1909f56bfc062723c751e8b465ee728b)
Start importing Assets/Playing Cards/Resource/Prefab/CasinoItem/Table_Square_00.prefab using Guid(f8a59f4e9fdd7a54e811e96aa28d43b7) Importer(815301076,1909f56bfc062723c751e8b465ee728b)  -> (artifact id: 'cf277bf203122aff072cd3119b78afc4') in 0.021484 seconds
Number of updated asset objects reloaded before import = 0
Number of asset objects unloaded after import = 12
========================================================================
Received Import Request.
  Time since last request: 0.000019 seconds.
  path: Assets/Playing Cards/Resource/Prefab/CasinoItem/CasinoChip20_White_00.prefab
  artifactKey: Guid(e42242142db731b4895402b24258b777) Importer(815301076,1909f56bfc062723c751e8b465ee728b)
Start importing Assets/Playing Cards/Resource/Prefab/CasinoItem/CasinoChip20_White_00.prefab using Guid(e42242142db731b4895402b24258b777) Importer(815301076,1909f56bfc062723c751e8b465ee728b)  -> (artifact id: '5ecf4bc40d2331b51bfddf29e7225fab') in 0.015318 seconds
Number of updated asset objects reloaded before import = 0
Number of asset objects unloaded after import = 116
========================================================================
Received Import Request.
  Time since last request: 0.000015 seconds.
  path: Assets/Playing Cards/Resource/Prefab/CasinoItem/CasinoChip_Blue_00.prefab
  artifactKey: Guid(630b866a7322f7842b910f7d471e03ee) Importer(815301076,1909f56bfc062723c751e8b465ee728b)
Start importing Assets/Playing Cards/Resource/Prefab/CasinoItem/CasinoChip_Blue_00.prefab using Guid(630b866a7322f7842b910f7d471e03ee) Importer(815301076,1909f56bfc062723c751e8b465ee728b)  -> (artifact id: 'fa96921f8e53ba0dfe7ff714f8b810fb') in 0.019217 seconds
Number of updated asset objects reloaded before import = 0
Number of asset objects unloaded after import = 11
========================================================================
Received Import Request.
  Time since last request: 0.000021 seconds.
  path: Assets/Playing Cards/Resource/Prefab/CasinoItem/CasinoTable_Ellipse_00.prefab
  artifactKey: Guid(37aa84da846f5e249a00f8624102e099) Importer(815301076,1909f56bfc062723c751e8b465ee728b)
Start importing Assets/Playing Cards/Resource/Prefab/CasinoItem/CasinoTable_Ellipse_00.prefab using Guid(37aa84da846f5e249a00f8624102e099) Importer(815301076,1909f56bfc062723c751e8b465ee728b)  -> (artifact id: 'd45d7204507d1109479b07fd2bd1b3ca') in 0.020913 seconds
Number of updated asset objects reloaded before import = 0
Number of asset objects unloaded after import = 12
========================================================================
Received Import Request.
  Time since last request: 0.000033 seconds.
  path: Assets/Playing Cards/Resource/Prefab/CasinoItem/CasinoChip_Black_00.prefab
  artifactKey: Guid(24828e358252f3d4fa612008bf2e77cc) Importer(815301076,1909f56bfc062723c751e8b465ee728b)
Start importing Assets/Playing Cards/Resource/Prefab/CasinoItem/CasinoChip_Black_00.prefab using Guid(24828e358252f3d4fa612008bf2e77cc) Importer(815301076,1909f56bfc062723c751e8b465ee728b)  -> (artifact id: 'a8b67aba449f0f520f9f3b0333e3524c') in 0.016506 seconds
Number of updated asset objects reloaded before import = 0
Number of asset objects unloaded after import = 11
========================================================================
Received Import Request.
  Time since last request: 0.000016 seconds.
  path: Assets/Playing Cards/Resource/Prefab/CasinoItem/CasinoChip_Green_00.prefab
  artifactKey: Guid(3b7fd375226f3ce438184bbd681b67d1) Importer(815301076,1909f56bfc062723c751e8b465ee728b)
Start importing Assets/Playing Cards/Resource/Prefab/CasinoItem/CasinoChip_Green_00.prefab using Guid(3b7fd375226f3ce438184bbd681b67d1) Importer(815301076,1909f56bfc062723c751e8b465ee728b)  -> (artifact id: '7feccf3860bfcad88c42db39cbf02dba') in 0.013909 seconds
Number of updated asset objects reloaded before import = 0
Number of asset objects unloaded after import = 11
========================================================================
Received Import Request.
  Time since last request: 140.072789 seconds.
  path: Assets/Playing Cards/Resource/Model/5cards_00.fbx
  artifactKey: Guid(42d873f2c1d654a47a9c6dfb4dea2a4a) Importer(815301076,1909f56bfc062723c751e8b465ee728b)
Start importing Assets/Playing Cards/Resource/Model/5cards_00.fbx using Guid(42d873f2c1d654a47a9c6dfb4dea2a4a) Importer(815301076,1909f56bfc062723c751e8b465ee728b)  -> (artifact id: '9ade44adb9a5039ab7bcff8005127180') in 0.262425 seconds
Number of updated asset objects reloaded before import = 0
Number of asset objects unloaded after import = 12
========================================================================
Received Import Request.
  Time since last request: 0.000022 seconds.
  path: Assets/Playing Cards/Resource/Model/Spread_00.fbx
  artifactKey: Guid(74c8fdad6bf1c784a90cd94ff238cab2) Importer(815301076,1909f56bfc062723c751e8b465ee728b)
Start importing Assets/Playing Cards/Resource/Model/Spread_00.fbx using Guid(74c8fdad6bf1c784a90cd94ff238cab2) Importer(815301076,1909f56bfc062723c751e8b465ee728b)  -> (artifact id: '3676e043ababb81a3629230e7514931c') in 0.056825 seconds
Number of updated asset objects reloaded before import = 0
Number of asset objects unloaded after import = 18
========================================================================
Received Import Request.
  Time since last request: 0.000029 seconds.
  path: Assets/Playing Cards/Resource/Model/LittleDiscard_00.fbx
  artifactKey: Guid(61d9b64b6ccf52b468d3f51041d5fa53) Importer(815301076,1909f56bfc062723c751e8b465ee728b)
Start importing Assets/Playing Cards/Resource/Model/LittleDiscard_00.fbx using Guid(61d9b64b6ccf52b468d3f51041d5fa53) Importer(815301076,1909f56bfc062723c751e8b465ee728b)  -> (artifact id: '94986c915d887b099aaef620579b2a1c') in 0.041930 seconds
Number of updated asset objects reloaded before import = 0
Number of asset objects unloaded after import = 18
========================================================================
Received Import Request.
  Time since last request: 0.000018 seconds.
  path: Assets/Playing Cards/Resource/Model/ManyDiscard_00.fbx
  artifactKey: Guid(2348c8a69a8b72d448a6a661a8f2cd19) Importer(815301076,1909f56bfc062723c751e8b465ee728b)
Start importing Assets/Playing Cards/Resource/Model/ManyDiscard_00.fbx using Guid(2348c8a69a8b72d448a6a661a8f2cd19) Importer(815301076,1909f56bfc062723c751e8b465ee728b)  -> (artifact id: 'cc4333575b8d49d69bfba19903ea14b5') in 0.032349 seconds
Number of updated asset objects reloaded before import = 0
Number of asset objects unloaded after import = 18
========================================================================
Received Import Request.
  Time since last request: 0.000022 seconds.
  path: Assets/Playing Cards/Resource/Model/LittleDeck_00.fbx
  artifactKey: Guid(2cc4dde4d2f01d3418f181dce0fc9925) Importer(815301076,1909f56bfc062723c751e8b465ee728b)
Start importing Assets/Playing Cards/Resource/Model/LittleDeck_00.fbx using Guid(2cc4dde4d2f01d3418f181dce0fc9925) Importer(815301076,1909f56bfc062723c751e8b465ee728b)  -> (artifact id: 'f8c7e9b13397280bca35ad43f06cc68e') in 0.019439 seconds
Number of updated asset objects reloaded before import = 0
Number of asset objects unloaded after import = 8
========================================================================
Received Import Request.
  Time since last request: 0.000015 seconds.
  path: Assets/Playing Cards/Resource/Model/CasinoTable_SemiCircle_00.fbx
  artifactKey: Guid(60eea1f6663d1e345ba862e168ffae13) Importer(815301076,1909f56bfc062723c751e8b465ee728b)
Start importing Assets/Playing Cards/Resource/Model/CasinoTable_SemiCircle_00.fbx using Guid(60eea1f6663d1e345ba862e168ffae13) Importer(815301076,1909f56bfc062723c751e8b465ee728b)  -> (artifact id: 'f2e68b380c75cebd1a598f6050ee50e3') in 0.017983 seconds
Number of updated asset objects reloaded before import = 0
Number of asset objects unloaded after import = 8
========================================================================
Received Import Request.
  Time since last request: 0.000018 seconds.
  path: Assets/Playing Cards/Resource/Model/Tower_00.fbx
  artifactKey: Guid(55a0682385c27a748b41dba2af534c8f) Importer(815301076,1909f56bfc062723c751e8b465ee728b)
Start importing Assets/Playing Cards/Resource/Model/Tower_00.fbx using Guid(55a0682385c27a748b41dba2af534c8f) Importer(815301076,1909f56bfc062723c751e8b465ee728b)  -> (artifact id: '5672dc69885b12b5b4da53c43d94d784') in 0.029590 seconds
Number of updated asset objects reloaded before import = 0
Number of asset objects unloaded after import = 18
========================================================================
Received Import Request.
  Time since last request: 45.748235 seconds.
  path: Assets/Playing Cards/Resource/Model
  artifactKey: Guid(c14eafc726661864397697184f863715) Importer(815301076,1909f56bfc062723c751e8b465ee728b)
Start importing Assets/Playing Cards/Resource/Model using Guid(c14eafc726661864397697184f863715) Importer(815301076,1909f56bfc062723c751e8b465ee728b)  -> (artifact id: '8c82cca5c6cb9723844c7d522a905e20') in 0.000970 seconds
Number of updated asset objects reloaded before import = 0
Number of asset objects unloaded after import = 0
========================================================================
Received Import Request.
  Time since last request: 4.360744 seconds.
  path: Assets/Playing Cards/Resource/Prefab
  artifactKey: Guid(c3194ec872509f34cb051551986b8ce1) Importer(815301076,1909f56bfc062723c751e8b465ee728b)
Start importing Assets/Playing Cards/Resource/Prefab using Guid(c3194ec872509f34cb051551986b8ce1) Importer(815301076,1909f56bfc062723c751e8b465ee728b)  -> (artifact id: '7ba95a35530a3c32ca7e1784b36275e6') in 0.000489 seconds
Number of updated asset objects reloaded before import = 0
Number of asset objects unloaded after import = 0
========================================================================
Received Import Request.
  Time since last request: 2.550410 seconds.
  path: Assets/Playing Cards/Resource/Prefab/BackColor_Blue
  artifactKey: Guid(62b906f4d3c252343a8ee4ad5332e4f1) Importer(815301076,1909f56bfc062723c751e8b465ee728b)
Start importing Assets/Playing Cards/Resource/Prefab/BackColor_Blue using Guid(62b906f4d3c252343a8ee4ad5332e4f1) Importer(815301076,1909f56bfc062723c751e8b465ee728b)  -> (artifact id: '045a2b3692ae3960bca662dc02a90058') in 0.000471 seconds
Number of updated asset objects reloaded before import = 0
Number of asset objects unloaded after import = 0
========================================================================
Received Import Request.
  Time since last request: 0.100178 seconds.
  path: Assets/Playing Cards/Resource/Prefab/BackColor_Blue/Blue_5cards_00.prefab
  artifactKey: Guid(740ee51a2b78d8e40a5aeb5601e7ded1) Importer(815301076,1909f56bfc062723c751e8b465ee728b)
Start importing Assets/Playing Cards/Resource/Prefab/BackColor_Blue/Blue_5cards_00.prefab using Guid(740ee51a2b78d8e40a5aeb5601e7ded1) Importer(815301076,1909f56bfc062723c751e8b465ee728b)  -> (artifact id: '641c803d293ff22c55042455eeedc52a') in 0.133936 seconds
Number of updated asset objects reloaded before import = 0
Number of asset objects unloaded after import = 18
========================================================================
Received Import Request.
  Time since last request: 0.000016 seconds.
  path: Assets/Playing Cards/Resource/Prefab/BackColor_Blue/Blue_RifleShuffle_Second_00.prefab
  artifactKey: Guid(9fe7c134fbc46fa4b867f6afe5722e8a) Importer(815301076,1909f56bfc062723c751e8b465ee728b)
Start importing Assets/Playing Cards/Resource/Prefab/BackColor_Blue/Blue_RifleShuffle_Second_00.prefab using Guid(9fe7c134fbc46fa4b867f6afe5722e8a) Importer(815301076,1909f56bfc062723c751e8b465ee728b)  -> (artifact id: '9ecd12bd8dc727b34d4cb46bdd311d52') in 0.093699 seconds
Number of updated asset objects reloaded before import = 0
Number of asset objects unloaded after import = 10
========================================================================
Received Import Request.
  Time since last request: 0.000028 seconds.
  path: Assets/Playing Cards/Resource/Prefab/BackColor_Blue/Blue_PlayingCards_Diamond13_00.prefab
  artifactKey: Guid(0dc512b3b50dc7a4389e5af9e778e85d) Importer(815301076,1909f56bfc062723c751e8b465ee728b)
Start importing Assets/Playing Cards/Resource/Prefab/BackColor_Blue/Blue_PlayingCards_Diamond13_00.prefab using Guid(0dc512b3b50dc7a4389e5af9e778e85d) Importer(815301076,1909f56bfc062723c751e8b465ee728b)  -> (artifact id: 'f99f7d6bd7bc3e8f331301e8dc522f88') in 0.012568 seconds
Number of updated asset objects reloaded before import = 0
Number of asset objects unloaded after import = 10
========================================================================
Received Import Request.
  Time since last request: 0.000042 seconds.
  path: Assets/Playing Cards/Resource/Prefab/BackColor_Blue/Blue_PlayingCards_Club12_00.prefab
  artifactKey: Guid(d88027f6a04646c4383a9b136a96eda4) Importer(815301076,1909f56bfc062723c751e8b465ee728b)
Start importing Assets/Playing Cards/Resource/Prefab/BackColor_Blue/Blue_PlayingCards_Club12_00.prefab using Guid(d88027f6a04646c4383a9b136a96eda4) Importer(815301076,1909f56bfc062723c751e8b465ee728b)  -> (artifact id: '15d7d7e712a4ebd1fdd134844d7f9fe4') in 0.014762 seconds
Number of updated asset objects reloaded before import = 0
Number of asset objects unloaded after import = 10
========================================================================
Received Import Request.
  Time since last request: 0.000017 seconds.
  path: Assets/Playing Cards/Resource/Prefab/BackColor_Blue/Blue_PlayingCards_Heart07_00.prefab
  artifactKey: Guid(9b290f09d7578c5429c5c4e95c3b3fcd) Importer(815301076,1909f56bfc062723c751e8b465ee728b)
Start importing Assets/Playing Cards/Resource/Prefab/BackColor_Blue/Blue_PlayingCards_Heart07_00.prefab using Guid(9b290f09d7578c5429c5c4e95c3b3fcd) Importer(815301076,1909f56bfc062723c751e8b465ee728b)  -> (artifact id: '3ab50b1e14a8d89bb6fa3d8dd6a444ab') in 0.013102 seconds
Number of updated asset objects reloaded before import = 0
Number of asset objects unloaded after import = 10
========================================================================
Received Import Request.
  Time since last request: 0.000016 seconds.
  path: Assets/Playing Cards/Resource/Prefab/BackColor_Blue/Blue_PlayingCards_Club07_00.prefab
  artifactKey: Guid(cf7f08e4d0bd5014b87ca0924b0f998f) Importer(815301076,1909f56bfc062723c751e8b465ee728b)
Start importing Assets/Playing Cards/Resource/Prefab/BackColor_Blue/Blue_PlayingCards_Club07_00.prefab using Guid(cf7f08e4d0bd5014b87ca0924b0f998f) Importer(815301076,1909f56bfc062723c751e8b465ee728b)  -> (artifact id: '3f5c0eb2adf19e59051543cc4bf48fe0') in 0.012522 seconds
Number of updated asset objects reloaded before import = 0
Number of asset objects unloaded after import = 10
========================================================================
Received Import Request.
  Time since last request: 0.000018 seconds.
  path: Assets/Playing Cards/Resource/Prefab/BackColor_Blue/Blue_PlayingCards_Heart05_00.prefab
  artifactKey: Guid(5785542f67752c04db937a9c0a2ad310) Importer(815301076,1909f56bfc062723c751e8b465ee728b)
Start importing Assets/Playing Cards/Resource/Prefab/BackColor_Blue/Blue_PlayingCards_Heart05_00.prefab using Guid(5785542f67752c04db937a9c0a2ad310) Importer(815301076,1909f56bfc062723c751e8b465ee728b)  -> (artifact id: 'b7cbff8397aab458144d674fd1a66d5b') in 0.013800 seconds
Number of updated asset objects reloaded before import = 0
Number of asset objects unloaded after import = 10
========================================================================
Received Import Request.
  Time since last request: 0.000020 seconds.
  path: Assets/Playing Cards/Resource/Prefab/BackColor_Blue/Blue_PlayingCards_Diamond11_00.prefab
  artifactKey: Guid(0a28b8910d2c21b41ad2a932a5b3e0e4) Importer(815301076,1909f56bfc062723c751e8b465ee728b)
Start importing Assets/Playing Cards/Resource/Prefab/BackColor_Blue/Blue_PlayingCards_Diamond11_00.prefab using Guid(0a28b8910d2c21b41ad2a932a5b3e0e4) Importer(815301076,1909f56bfc062723c751e8b465ee728b)  -> (artifact id: '7abba70c0f59fcc78e801e448fc7a5dc') in 0.014789 seconds
Number of updated asset objects reloaded before import = 0
Number of asset objects unloaded after import = 10
========================================================================
Received Import Request.
  Time since last request: 0.000016 seconds.
  path: Assets/Playing Cards/Resource/Prefab/BackColor_Blue/Blue_PlayingCards_Heart02_00.prefab
  artifactKey: Guid(c606a94c00be09443bb63b97e1ec86ca) Importer(815301076,1909f56bfc062723c751e8b465ee728b)
Start importing Assets/Playing Cards/Resource/Prefab/BackColor_Blue/Blue_PlayingCards_Heart02_00.prefab using Guid(c606a94c00be09443bb63b97e1ec86ca) Importer(815301076,1909f56bfc062723c751e8b465ee728b)  -> (artifact id: 'c91a3ee76c6aaa16a01e3bc001d4db5a') in 0.013043 seconds
Number of updated asset objects reloaded before import = 0
Number of asset objects unloaded after import = 10
========================================================================
Received Import Request.
  Time since last request: 0.000014 seconds.
  path: Assets/Playing Cards/Resource/Prefab/BackColor_Blue/Blue_PlayingCards_Heart04_00.prefab
  artifactKey: Guid(f3fcf408079bb07468350b6a4ccab16d) Importer(815301076,1909f56bfc062723c751e8b465ee728b)
Start importing Assets/Playing Cards/Resource/Prefab/BackColor_Blue/Blue_PlayingCards_Heart04_00.prefab using Guid(f3fcf408079bb07468350b6a4ccab16d) Importer(815301076,1909f56bfc062723c751e8b465ee728b)  -> (artifact id: '0a9de6f47227f6eceff08545bd863ebe') in 0.012510 seconds
Number of updated asset objects reloaded before import = 0
Number of asset objects unloaded after import = 10
========================================================================
Received Import Request.
  Time since last request: 0.000030 seconds.
  path: Assets/Playing Cards/Resource/Prefab/BackColor_Blue/Blue_PlayingCards_Spade12_00.prefab
  artifactKey: Guid(26444efaf7a11dc49b7164a7b180cec9) Importer(815301076,1909f56bfc062723c751e8b465ee728b)
Start importing Assets/Playing Cards/Resource/Prefab/BackColor_Blue/Blue_PlayingCards_Spade12_00.prefab using Guid(26444efaf7a11dc49b7164a7b180cec9) Importer(815301076,1909f56bfc062723c751e8b465ee728b)  -> (artifact id: '5735b5f5b1116a858136d4c3b460230f') in 0.013783 seconds
Number of updated asset objects reloaded before import = 0
Number of asset objects unloaded after import = 10
========================================================================
Received Import Request.
  Time since last request: 0.000016 seconds.
  path: Assets/Playing Cards/Resource/Prefab/BackColor_Blue/Blue_PlayingCards_Diamond12_00.prefab
  artifactKey: Guid(527be08438e77c647b3bff00ce5cc256) Importer(815301076,1909f56bfc062723c751e8b465ee728b)
Start importing Assets/Playing Cards/Resource/Prefab/BackColor_Blue/Blue_PlayingCards_Diamond12_00.prefab using Guid(527be08438e77c647b3bff00ce5cc256) Importer(815301076,1909f56bfc062723c751e8b465ee728b)  -> (artifact id: 'aa685b5ad6cf2d08875d585aa03b727d') in 0.015250 seconds
Number of updated asset objects reloaded before import = 0
Number of asset objects unloaded after import = 10
========================================================================
Received Import Request.
  Time since last request: 0.000014 seconds.
  path: Assets/Playing Cards/Resource/Prefab/BackColor_Blue/Blue_PlayingCards_Heart08_00.prefab
  artifactKey: Guid(f3c9575fb59651a4d9f9ff880df9db8b) Importer(815301076,1909f56bfc062723c751e8b465ee728b)
Start importing Assets/Playing Cards/Resource/Prefab/BackColor_Blue/Blue_PlayingCards_Heart08_00.prefab using Guid(f3c9575fb59651a4d9f9ff880df9db8b) Importer(815301076,1909f56bfc062723c751e8b465ee728b)  -> (artifact id: 'b628503e26c9d24f52ccb45462d93db7') in 0.013256 seconds
Number of updated asset objects reloaded before import = 0
Number of asset objects unloaded after import = 10
========================================================================
Received Import Request.
  Time since last request: 0.000018 seconds.
  path: Assets/Playing Cards/Resource/Prefab/BackColor_Blue/Blue_PlayingCards_Diamond02_00.prefab
  artifactKey: Guid(fb504e82be2699044917d3c360ba3229) Importer(815301076,1909f56bfc062723c751e8b465ee728b)
Start importing Assets/Playing Cards/Resource/Prefab/BackColor_Blue/Blue_PlayingCards_Diamond02_00.prefab using Guid(fb504e82be2699044917d3c360ba3229) Importer(815301076,1909f56bfc062723c751e8b465ee728b)  -> (artifact id: '47c483878f015de1dbe106c62544e194') in 0.011851 seconds
Number of updated asset objects reloaded before import = 0
Number of asset objects unloaded after import = 10
========================================================================
Received Import Request.
  Time since last request: 0.000024 seconds.
  path: Assets/Playing Cards/Resource/Prefab/BackColor_Blue/Blue_PlayingCards_Heart10_00.prefab
  artifactKey: Guid(ceb8c219ebb0b184e9d8069bc0a11421) Importer(815301076,1909f56bfc062723c751e8b465ee728b)
Start importing Assets/Playing Cards/Resource/Prefab/BackColor_Blue/Blue_PlayingCards_Heart10_00.prefab using Guid(ceb8c219ebb0b184e9d8069bc0a11421) Importer(815301076,1909f56bfc062723c751e8b465ee728b)  -> (artifact id: 'ac2091df8f5c3cd54597ff37ce73e05d') in 0.014411 seconds
Number of updated asset objects reloaded before import = 0
Number of asset objects unloaded after import = 10
========================================================================
Received Import Request.
  Time since last request: 0.000015 seconds.
  path: Assets/Playing Cards/Resource/Prefab/BackColor_Blue/Blue_PlayingCards_Heart09_00.prefab
  artifactKey: Guid(2a0cf7cf983069a4f9cfd25cfc85b642) Importer(815301076,1909f56bfc062723c751e8b465ee728b)
Start importing Assets/Playing Cards/Resource/Prefab/BackColor_Blue/Blue_PlayingCards_Heart09_00.prefab using Guid(2a0cf7cf983069a4f9cfd25cfc85b642) Importer(815301076,1909f56bfc062723c751e8b465ee728b)  -> (artifact id: 'c71e3d36380bba37b952596dd1fb4576') in 0.012900 seconds
Number of updated asset objects reloaded before import = 0
Number of asset objects unloaded after import = 10
========================================================================
Received Import Request.
  Time since last request: 0.000018 seconds.
  path: Assets/Playing Cards/Resource/Prefab/BackColor_Blue/Blue_PlayingCards_Spade09_00.prefab
  artifactKey: Guid(5c747c6a2508a3b4d83d9b6c297fe6bb) Importer(815301076,1909f56bfc062723c751e8b465ee728b)
Start importing Assets/Playing Cards/Resource/Prefab/BackColor_Blue/Blue_PlayingCards_Spade09_00.prefab using Guid(5c747c6a2508a3b4d83d9b6c297fe6bb) Importer(815301076,1909f56bfc062723c751e8b465ee728b)  -> (artifact id: 'd75ce581db720bf34bd96aa8f6fa4f6f') in 0.012347 seconds
Number of updated asset objects reloaded before import = 0
Number of asset objects unloaded after import = 10
========================================================================
Received Import Request.
  Time since last request: 0.000024 seconds.
  path: Assets/Playing Cards/Resource/Prefab/BackColor_Blue/Blue_PlayingCards_Spade10_00.prefab
  artifactKey: Guid(8313c0beb060a864c9a7f49de221eccc) Importer(815301076,1909f56bfc062723c751e8b465ee728b)
Start importing Assets/Playing Cards/Resource/Prefab/BackColor_Blue/Blue_PlayingCards_Spade10_00.prefab using Guid(8313c0beb060a864c9a7f49de221eccc) Importer(815301076,1909f56bfc062723c751e8b465ee728b)  -> (artifact id: 'bf8503661d2871a8edaa15def486a238') in 0.014980 seconds
Number of updated asset objects reloaded before import = 0
Number of asset objects unloaded after import = 10
========================================================================
Received Import Request.
  Time since last request: 0.000048 seconds.
  path: Assets/Playing Cards/Resource/Prefab/BackColor_Blue/Blue_PlayingCards_Diamond07_00.prefab
  artifactKey: Guid(a4ff2953159bfc04bbf910e3e0cb782d) Importer(815301076,1909f56bfc062723c751e8b465ee728b)
Start importing Assets/Playing Cards/Resource/Prefab/BackColor_Blue/Blue_PlayingCards_Diamond07_00.prefab using Guid(a4ff2953159bfc04bbf910e3e0cb782d) Importer(815301076,1909f56bfc062723c751e8b465ee728b)  -> (artifact id: '01a8938bdd526f3e79b97451a2ffc277') in 0.013310 seconds
Number of updated asset objects reloaded before import = 0
Number of asset objects unloaded after import = 10
========================================================================
Received Import Request.
  Time since last request: 0.000017 seconds.
  path: Assets/Playing Cards/Resource/Prefab/BackColor_Blue/Blue_PlayingCards_Spade03_00.prefab
  artifactKey: Guid(709cd623e685a1d4ea516e9458bd6a56) Importer(815301076,1909f56bfc062723c751e8b465ee728b)
Start importing Assets/Playing Cards/Resource/Prefab/BackColor_Blue/Blue_PlayingCards_Spade03_00.prefab using Guid(709cd623e685a1d4ea516e9458bd6a56) Importer(815301076,1909f56bfc062723c751e8b465ee728b)  -> (artifact id: '679b11185a66d8a96613ba6669c997d9') in 0.014542 seconds
Number of updated asset objects reloaded before import = 0
Number of asset objects unloaded after import = 10
========================================================================
Received Import Request.
  Time since last request: 0.000018 seconds.
  path: Assets/Playing Cards/Resource/Prefab/BackColor_Blue/Blue_TowerUnfinished_00.prefab
  artifactKey: Guid(e7a800ddd4b74f542ac2d1cf39a0085d) Importer(815301076,1909f56bfc062723c751e8b465ee728b)
Start importing Assets/Playing Cards/Resource/Prefab/BackColor_Blue/Blue_TowerUnfinished_00.prefab using Guid(e7a800ddd4b74f542ac2d1cf39a0085d) Importer(815301076,1909f56bfc062723c751e8b465ee728b)  -> (artifact id: 'ade5d572ed39e32322f279e7602376b1') in 0.020258 seconds
Number of updated asset objects reloaded before import = 0
Number of asset objects unloaded after import = 19
========================================================================
Received Import Request.
  Time since last request: 0.000037 seconds.
  path: Assets/Playing Cards/Resource/Prefab/BackColor_Blue/Blue_PlayingCards_Heart06_00.prefab
  artifactKey: Guid(09a202838f006d549a4bf923d6c2b495) Importer(815301076,1909f56bfc062723c751e8b465ee728b)
Start importing Assets/Playing Cards/Resource/Prefab/BackColor_Blue/Blue_PlayingCards_Heart06_00.prefab using Guid(09a202838f006d549a4bf923d6c2b495) Importer(815301076,1909f56bfc062723c751e8b465ee728b)  -> (artifact id: 'b2116814c8c470b012f0a5f2679054bd') in 0.012759 seconds
Number of updated asset objects reloaded before import = 0
Number of asset objects unloaded after import = 10
========================================================================
Received Import Request.
  Time since last request: 0.000019 seconds.
  path: Assets/Playing Cards/Resource/Prefab/BackColor_Blue/Blue_PlayingCards_Diamond08_00.prefab
  artifactKey: Guid(86850f5aac494fb47b3901083248e109) Importer(815301076,1909f56bfc062723c751e8b465ee728b)
Start importing Assets/Playing Cards/Resource/Prefab/BackColor_Blue/Blue_PlayingCards_Diamond08_00.prefab using Guid(86850f5aac494fb47b3901083248e109) Importer(815301076,1909f56bfc062723c751e8b465ee728b)  -> (artifact id: '96aff2b6b3c4678270440a04e1149073') in 0.015867 seconds
Number of updated asset objects reloaded before import = 0
Number of asset objects unloaded after import = 10
========================================================================
Received Import Request.
  Time since last request: 0.000029 seconds.
  path: Assets/Playing Cards/Resource/Prefab/BackColor_Blue/Blue_PlayingCards_Diamond01_00.prefab
  artifactKey: Guid(f6b699ff21559bc4282d7cf0ff522634) Importer(815301076,1909f56bfc062723c751e8b465ee728b)
Start importing Assets/Playing Cards/Resource/Prefab/BackColor_Blue/Blue_PlayingCards_Diamond01_00.prefab using Guid(f6b699ff21559bc4282d7cf0ff522634) Importer(815301076,1909f56bfc062723c751e8b465ee728b)  -> (artifact id: 'ebbb008b9f2f0f4ad3cb95ef6d03b50c') in 0.016094 seconds
Number of updated asset objects reloaded before import = 0
Number of asset objects unloaded after import = 10
========================================================================
Received Import Request.
  Time since last request: 0.000015 seconds.
  path: Assets/Playing Cards/Resource/Prefab/BackColor_Blue/Blue_PlayingCards_Spade01_00.prefab
  artifactKey: Guid(9530df13a3d34864f86344524e6e7477) Importer(815301076,1909f56bfc062723c751e8b465ee728b)
Start importing Assets/Playing Cards/Resource/Prefab/BackColor_Blue/Blue_PlayingCards_Spade01_00.prefab using Guid(9530df13a3d34864f86344524e6e7477) Importer(815301076,1909f56bfc062723c751e8b465ee728b)  -> (artifact id: '6a669e15b12d6d1a7623bb056909f4b7') in 0.013574 seconds
Number of updated asset objects reloaded before import = 0
Number of asset objects unloaded after import = 10
========================================================================
Received Import Request.
  Time since last request: 0.000017 seconds.
  path: Assets/Playing Cards/Resource/Prefab/BackColor_Blue/Blue_ManyDeck_00.prefab
  artifactKey: Guid(cbb2006a6ea0dac479a09747aaa29f20) Importer(815301076,1909f56bfc062723c751e8b465ee728b)
Start importing Assets/Playing Cards/Resource/Prefab/BackColor_Blue/Blue_ManyDeck_00.prefab using Guid(cbb2006a6ea0dac479a09747aaa29f20) Importer(815301076,1909f56bfc062723c751e8b465ee728b)  -> (artifact id: '87ba05d2228a741719d320424a45833c') in 0.103450 seconds
Number of updated asset objects reloaded before import = 0
Number of asset objects unloaded after import = 10
========================================================================
Received Import Request.
  Time since last request: 0.000018 seconds.
  path: Assets/Playing Cards/Resource/Prefab/BackColor_Blue/Blue_PlayingCards_Heart13_00.prefab
  artifactKey: Guid(46b99c0846546f648a5f91f6f5217d96) Importer(815301076,1909f56bfc062723c751e8b465ee728b)
Start importing Assets/Playing Cards/Resource/Prefab/BackColor_Blue/Blue_PlayingCards_Heart13_00.prefab using Guid(46b99c0846546f648a5f91f6f5217d96) Importer(815301076,1909f56bfc062723c751e8b465ee728b)  -> (artifact id: '86ee86be79a9a3e8ce94654b37e98665') in 0.012176 seconds
Number of updated asset objects reloaded before import = 0
Number of asset objects unloaded after import = 10
========================================================================
Received Import Request.
  Time since last request: 0.000024 seconds.
  path: Assets/Playing Cards/Resource/Prefab/BackColor_Blue/Blue_PlayingCards_Club02_00.prefab
  artifactKey: Guid(71e2ac9160ea26e4aa4ab8d9c87a8bf1) Importer(815301076,1909f56bfc062723c751e8b465ee728b)
Start importing Assets/Playing Cards/Resource/Prefab/BackColor_Blue/Blue_PlayingCards_Club02_00.prefab using Guid(71e2ac9160ea26e4aa4ab8d9c87a8bf1) Importer(815301076,1909f56bfc062723c751e8b465ee728b)  -> (artifact id: '276501f7034e28f6cd300859f13c6038') in 0.012571 seconds
Number of updated asset objects reloaded before import = 0
Number of asset objects unloaded after import = 10
========================================================================
Received Import Request.
  Time since last request: 9.046927 seconds.
  path: Assets/Playing Cards/Resource/Prefab/BackColor_Black
  artifactKey: Guid(2bdc34d768de9b543ae3384dc61d7618) Importer(815301076,1909f56bfc062723c751e8b465ee728b)
Start importing Assets/Playing Cards/Resource/Prefab/BackColor_Black using Guid(2bdc34d768de9b543ae3384dc61d7618) Importer(815301076,1909f56bfc062723c751e8b465ee728b)  -> (artifact id: '1fe795bbe651238ee892434fe1bba0e6') in 0.000593 seconds
Number of updated asset objects reloaded before import = 0
Number of asset objects unloaded after import = 0
========================================================================
Received Import Request.
  Time since last request: 0.916374 seconds.
  path: Assets/Playing Cards/Resource/Prefab/BackColor_Black/Black_5cards_00.prefab
  artifactKey: Guid(4bcb2a3f47b981145a98e67310ff4f9a) Importer(815301076,1909f56bfc062723c751e8b465ee728b)
Start importing Assets/Playing Cards/Resource/Prefab/BackColor_Black/Black_5cards_00.prefab using Guid(4bcb2a3f47b981145a98e67310ff4f9a) Importer(815301076,1909f56bfc062723c751e8b465ee728b)  -> (artifact id: '787ccfe65804fbd4f24ab15c2d6e225b') in 0.010260 seconds
Number of updated asset objects reloaded before import = 0
Number of asset objects unloaded after import = 18
========================================================================
Received Import Request.
  Time since last request: 0.000012 seconds.
  path: Assets/Playing Cards/Resource/Prefab/BackColor_Black/Black_PlayingCards_Diamond13_00.prefab
  artifactKey: Guid(0eb7ae376a05e7246b8b73aceacb9ec4) Importer(815301076,1909f56bfc062723c751e8b465ee728b)
Start importing Assets/Playing Cards/Resource/Prefab/BackColor_Black/Black_PlayingCards_Diamond13_00.prefab using Guid(0eb7ae376a05e7246b8b73aceacb9ec4) Importer(815301076,1909f56bfc062723c751e8b465ee728b)  -> (artifact id: 'e9688a8d2446fa0dea0ba4a075331d85') in 0.005931 seconds
Number of updated asset objects reloaded before import = 0
Number of asset objects unloaded after import = 10
========================================================================
Received Import Request.
  Time since last request: 0.000011 seconds.
  path: Assets/Playing Cards/Resource/Prefab/BackColor_Black/Black_PlayingCards_Spade01_00.prefab
  artifactKey: Guid(caa78a305dd759b4a9b42de8852d68ac) Importer(815301076,1909f56bfc062723c751e8b465ee728b)
Start importing Assets/Playing Cards/Resource/Prefab/BackColor_Black/Black_PlayingCards_Spade01_00.prefab using Guid(caa78a305dd759b4a9b42de8852d68ac) Importer(815301076,1909f56bfc062723c751e8b465ee728b)  -> (artifact id: 'a2e58d61440331d1bcef2a3d39a86164') in 0.010209 seconds
Number of updated asset objects reloaded before import = 0
Number of asset objects unloaded after import = 10
========================================================================
Received Import Request.
  Time since last request: 0.000013 seconds.
  path: Assets/Playing Cards/Resource/Prefab/BackColor_Black/Black_PlayingCards_Spade05_00.prefab
  artifactKey: Guid(0ef72ba4151fcf5448909d51ef0533ed) Importer(815301076,1909f56bfc062723c751e8b465ee728b)
Start importing Assets/Playing Cards/Resource/Prefab/BackColor_Black/Black_PlayingCards_Spade05_00.prefab using Guid(0ef72ba4151fcf5448909d51ef0533ed) Importer(815301076,1909f56bfc062723c751e8b465ee728b)  -> (artifact id: '575902c15feea1051a51b5845b79dbfe') in 0.008714 seconds
Number of updated asset objects reloaded before import = 0
Number of asset objects unloaded after import = 10
========================================================================
Received Import Request.
  Time since last request: 0.000012 seconds.
  path: Assets/Playing Cards/Resource/Prefab/BackColor_Black/Black_PlayingCards_Club11_00.prefab
  artifactKey: Guid(fb763a09611c5354d8f3878a164b231b) Importer(815301076,1909f56bfc062723c751e8b465ee728b)
Start importing Assets/Playing Cards/Resource/Prefab/BackColor_Black/Black_PlayingCards_Club11_00.prefab using Guid(fb763a09611c5354d8f3878a164b231b) Importer(815301076,1909f56bfc062723c751e8b465ee728b)  -> (artifact id: 'a57d6b5a042facbdbf875a9d2da0fc3b') in 0.013579 seconds
Number of updated asset objects reloaded before import = 0
Number of asset objects unloaded after import = 10
========================================================================
Received Import Request.
  Time since last request: 0.000013 seconds.
  path: Assets/Playing Cards/Resource/Prefab/BackColor_Black/Black_PlayingCards_Diamond09_00.prefab
  artifactKey: Guid(419a338db6c35b840b4e2e0f6db80291) Importer(815301076,1909f56bfc062723c751e8b465ee728b)
Start importing Assets/Playing Cards/Resource/Prefab/BackColor_Black/Black_PlayingCards_Diamond09_00.prefab using Guid(419a338db6c35b840b4e2e0f6db80291) Importer(815301076,1909f56bfc062723c751e8b465ee728b)  -> (artifact id: '12558e4814e952f46fc70d730bf78ece') in 0.019302 seconds
Number of updated asset objects reloaded before import = 0
Number of asset objects unloaded after import = 10
========================================================================
Received Import Request.
  Time since last request: 0.000020 seconds.
  path: Assets/Playing Cards/Resource/Prefab/BackColor_Black/Black_PlayingCards_Heart02_00.prefab
  artifactKey: Guid(2ad329a434b409941a93f0f343b00e19) Importer(815301076,1909f56bfc062723c751e8b465ee728b)
Start importing Assets/Playing Cards/Resource/Prefab/BackColor_Black/Black_PlayingCards_Heart02_00.prefab using Guid(2ad329a434b409941a93f0f343b00e19) Importer(815301076,1909f56bfc062723c751e8b465ee728b)  -> (artifact id: '0157423a2cdb358247dfe4bd3a8c0b84') in 0.031780 seconds
Number of updated asset objects reloaded before import = 0
Number of asset objects unloaded after import = 10
========================================================================
Received Import Request.
  Time since last request: 0.000037 seconds.
  path: Assets/Playing Cards/Resource/Prefab/BackColor_Black/Black_PlayingCards_Diamond10_00.prefab
  artifactKey: Guid(8c7d6e3bfa2b5524b9506499c21ad9ed) Importer(815301076,1909f56bfc062723c751e8b465ee728b)
Start importing Assets/Playing Cards/Resource/Prefab/BackColor_Black/Black_PlayingCards_Diamond10_00.prefab using Guid(8c7d6e3bfa2b5524b9506499c21ad9ed) Importer(815301076,1909f56bfc062723c751e8b465ee728b)  -> (artifact id: '51d2d68eaf5f8850fd6fea0c2cac71b6') in 0.014272 seconds
Number of updated asset objects reloaded before import = 0
Number of asset objects unloaded after import = 10
========================================================================
Received Import Request.
  Time since last request: 0.000014 seconds.
  path: Assets/Playing Cards/Resource/Prefab/BackColor_Black/Black_PlayingCards_Heart04_00.prefab
  artifactKey: Guid(1e6cedcc0d700f6428dd3b4b2028a3d3) Importer(815301076,1909f56bfc062723c751e8b465ee728b)
Start importing Assets/Playing Cards/Resource/Prefab/BackColor_Black/Black_PlayingCards_Heart04_00.prefab using Guid(1e6cedcc0d700f6428dd3b4b2028a3d3) Importer(815301076,1909f56bfc062723c751e8b465ee728b)  -> (artifact id: '553438d4470f1832d3b62f679780f2a9') in 0.022548 seconds
Number of updated asset objects reloaded before import = 0
Number of asset objects unloaded after import = 10
========================================================================
Received Import Request.
  Time since last request: 0.000012 seconds.
  path: Assets/Playing Cards/Resource/Prefab/BackColor_Black/Black_PlayingCards_Heart08_00.prefab
  artifactKey: Guid(18806dc360617d048bbe013f75ee644b) Importer(815301076,1909f56bfc062723c751e8b465ee728b)
Start importing Assets/Playing Cards/Resource/Prefab/BackColor_Black/Black_PlayingCards_Heart08_00.prefab using Guid(18806dc360617d048bbe013f75ee644b) Importer(815301076,1909f56bfc062723c751e8b465ee728b)  -> (artifact id: '5ca074a15882a6c8b63e24349ca735bc') in 0.020371 seconds
Number of updated asset objects reloaded before import = 0
Number of asset objects unloaded after import = 10
========================================================================
Received Import Request.
  Time since last request: 0.000017 seconds.
  path: Assets/Playing Cards/Resource/Prefab/BackColor_Black/Black_PlayingCards_Diamond01_00.prefab
  artifactKey: Guid(3719909202138ab43b42e38264bbda81) Importer(815301076,1909f56bfc062723c751e8b465ee728b)
Start importing Assets/Playing Cards/Resource/Prefab/BackColor_Black/Black_PlayingCards_Diamond01_00.prefab using Guid(3719909202138ab43b42e38264bbda81) Importer(815301076,1909f56bfc062723c751e8b465ee728b)  -> (artifact id: '5c18a8dae1b135bd5482f63dd60d515b') in 0.008742 seconds
Number of updated asset objects reloaded before import = 0
Number of asset objects unloaded after import = 10
========================================================================
Received Import Request.
  Time since last request: 0.000014 seconds.
  path: Assets/Playing Cards/Resource/Prefab/BackColor_Black/Black_PlayingCards_Joker_10.prefab
  artifactKey: Guid(2b464ae7f2a03c344b5aef06b7819352) Importer(815301076,1909f56bfc062723c751e8b465ee728b)
Start importing Assets/Playing Cards/Resource/Prefab/BackColor_Black/Black_PlayingCards_Joker_10.prefab using Guid(2b464ae7f2a03c344b5aef06b7819352) Importer(815301076,1909f56bfc062723c751e8b465ee728b)  -> (artifact id: '1c865433227ee2d9e11cf8f1802151e1') in 0.007190 seconds
Number of updated asset objects reloaded before import = 0
Number of asset objects unloaded after import = 10
========================================================================
Received Import Request.
  Time since last request: 0.000013 seconds.
  path: Assets/Playing Cards/Resource/Prefab/BackColor_Black/Black_PlayingCards_Heart10_00.prefab
  artifactKey: Guid(d84f28c6689d25a44adea6e8a70f36d5) Importer(815301076,1909f56bfc062723c751e8b465ee728b)
Start importing Assets/Playing Cards/Resource/Prefab/BackColor_Black/Black_PlayingCards_Heart10_00.prefab using Guid(d84f28c6689d25a44adea6e8a70f36d5) Importer(815301076,1909f56bfc062723c751e8b465ee728b)  -> (artifact id: '05a298c7fd7e72724fa0d0a46d516e45') in 0.006821 seconds
Number of updated asset objects reloaded before import = 0
Number of asset objects unloaded after import = 10
========================================================================
Received Import Request.
  Time since last request: 0.000014 seconds.
  path: Assets/Playing Cards/Resource/Prefab/BackColor_Black/Black_PlayingCards_Heart01_00.prefab
  artifactKey: Guid(c29433f77a911914e8e503f253d99353) Importer(815301076,1909f56bfc062723c751e8b465ee728b)
Start importing Assets/Playing Cards/Resource/Prefab/BackColor_Black/Black_PlayingCards_Heart01_00.prefab using Guid(c29433f77a911914e8e503f253d99353) Importer(815301076,1909f56bfc062723c751e8b465ee728b)  -> (artifact id: 'bfdfbc9c185bb340f5e8a17c071ec69c') in 0.006567 seconds
Number of updated asset objects reloaded before import = 0
Number of asset objects unloaded after import = 10
========================================================================
Received Import Request.
  Time since last request: 0.000015 seconds.
  path: Assets/Playing Cards/Resource/Prefab/BackColor_Black/Black_PlayingCards_Diamond08_00.prefab
  artifactKey: Guid(98add747d5a7840429499d9c7f1ddf28) Importer(815301076,1909f56bfc062723c751e8b465ee728b)
Start importing Assets/Playing Cards/Resource/Prefab/BackColor_Black/Black_PlayingCards_Diamond08_00.prefab using Guid(98add747d5a7840429499d9c7f1ddf28) Importer(815301076,1909f56bfc062723c751e8b465ee728b)  -> (artifact id: '49bc396955347f7788d09968a345aa77') in 0.007900 seconds
Number of updated asset objects reloaded before import = 0
Number of asset objects unloaded after import = 10
========================================================================
Received Import Request.
  Time since last request: 0.000018 seconds.
  path: Assets/Playing Cards/Resource/Prefab/BackColor_Black/Black_PlayingCards_Club03_00.prefab
  artifactKey: Guid(037fd8bcfc7ef774493f3e38099e151c) Importer(815301076,1909f56bfc062723c751e8b465ee728b)
Start importing Assets/Playing Cards/Resource/Prefab/BackColor_Black/Black_PlayingCards_Club03_00.prefab using Guid(037fd8bcfc7ef774493f3e38099e151c) Importer(815301076,1909f56bfc062723c751e8b465ee728b)  -> (artifact id: '75b04098e20eaa9496e3c2ba25a8443d') in 0.007180 seconds
Number of updated asset objects reloaded before import = 0
Number of asset objects unloaded after import = 10
========================================================================
Received Import Request.
  Time since last request: 0.000017 seconds.
  path: Assets/Playing Cards/Resource/Prefab/BackColor_Black/Black_PlayingCards_Club13_00.prefab
  artifactKey: Guid(47875a26b7de4684986de1759288cda3) Importer(815301076,1909f56bfc062723c751e8b465ee728b)
Start importing Assets/Playing Cards/Resource/Prefab/BackColor_Black/Black_PlayingCards_Club13_00.prefab using Guid(47875a26b7de4684986de1759288cda3) Importer(815301076,1909f56bfc062723c751e8b465ee728b)  -> (artifact id: '416eb7049e07f067ee44d11f3db4117a') in 0.007426 seconds
Number of updated asset objects reloaded before import = 0
Number of asset objects unloaded after import = 10
========================================================================
Received Import Request.
  Time since last request: 0.000015 seconds.
  path: Assets/Playing Cards/Resource/Prefab/BackColor_Black/Black_RifleShuffle_Second_00.prefab
  artifactKey: Guid(4e8947a0f2f34d04984c7314055b85b7) Importer(815301076,1909f56bfc062723c751e8b465ee728b)
Start importing Assets/Playing Cards/Resource/Prefab/BackColor_Black/Black_RifleShuffle_Second_00.prefab using Guid(4e8947a0f2f34d04984c7314055b85b7) Importer(815301076,1909f56bfc062723c751e8b465ee728b)  -> (artifact id: '0a04182557b973dbf53e90eb1d729990') in 0.013980 seconds
Number of updated asset objects reloaded before import = 0
Number of asset objects unloaded after import = 10
========================================================================
Received Import Request.
  Time since last request: 0.000029 seconds.
  path: Assets/Playing Cards/Resource/Prefab/BackColor_Black/Black_PlayingCards_Heart13_00.prefab
  artifactKey: Guid(cd97ab8d42ef50149ac3fd43ceaf39e1) Importer(815301076,1909f56bfc062723c751e8b465ee728b)
Start importing Assets/Playing Cards/Resource/Prefab/BackColor_Black/Black_PlayingCards_Heart13_00.prefab using Guid(cd97ab8d42ef50149ac3fd43ceaf39e1) Importer(815301076,1909f56bfc062723c751e8b465ee728b)  -> (artifact id: 'e2b627786ac1ffc30794c2a4ad43d6e2') in 0.007365 seconds
Number of updated asset objects reloaded before import = 0
Number of asset objects unloaded after import = 10
========================================================================
Received Import Request.
  Time since last request: 0.000015 seconds.
  path: Assets/Playing Cards/Resource/Prefab/BackColor_Black/Black_PlayingCards_Heart11_00.prefab
  artifactKey: Guid(4b7b96de18487b0428cdfe7a82b63bd2) Importer(815301076,1909f56bfc062723c751e8b465ee728b)
Start importing Assets/Playing Cards/Resource/Prefab/BackColor_Black/Black_PlayingCards_Heart11_00.prefab using Guid(4b7b96de18487b0428cdfe7a82b63bd2) Importer(815301076,1909f56bfc062723c751e8b465ee728b)  -> (artifact id: 'b1e195d3584dff5c6c2fb9473fc4d938') in 0.006819 seconds
Number of updated asset objects reloaded before import = 0
Number of asset objects unloaded after import = 10
========================================================================
Received Import Request.
  Time since last request: 0.000016 seconds.
  path: Assets/Playing Cards/Resource/Prefab/BackColor_Black/Black_PlayingCards_Spade11_00.prefab
  artifactKey: Guid(c789c03cd4abcb14a86c584c0f14acf3) Importer(815301076,1909f56bfc062723c751e8b465ee728b)
Start importing Assets/Playing Cards/Resource/Prefab/BackColor_Black/Black_PlayingCards_Spade11_00.prefab using Guid(c789c03cd4abcb14a86c584c0f14acf3) Importer(815301076,1909f56bfc062723c751e8b465ee728b)  -> (artifact id: '4bbb03afd629a5004a9bcd5b2b8069b1') in 0.008265 seconds
Number of updated asset objects reloaded before import = 0
Number of asset objects unloaded after import = 10
========================================================================
Received Import Request.
  Time since last request: 0.000015 seconds.
  path: Assets/Playing Cards/Resource/Prefab/BackColor_Black/Black_PlayingCards_Diamond04_00.prefab
  artifactKey: Guid(678a18d53a841b845aa745b6f772e5a1) Importer(815301076,1909f56bfc062723c751e8b465ee728b)
Start importing Assets/Playing Cards/Resource/Prefab/BackColor_Black/Black_PlayingCards_Diamond04_00.prefab using Guid(678a18d53a841b845aa745b6f772e5a1) Importer(815301076,1909f56bfc062723c751e8b465ee728b)  -> (artifact id: '02b7c79d0bfd779ab6b6ff01052fd3eb') in 0.006586 seconds
Number of updated asset objects reloaded before import = 0
Number of asset objects unloaded after import = 10
========================================================================
Received Import Request.
  Time since last request: 0.000016 seconds.
  path: Assets/Playing Cards/Resource/Prefab/BackColor_Black/Black_PlayingCards_Spade03_00.prefab
  artifactKey: Guid(6e04802004627984c9f8a45567c831d5) Importer(815301076,1909f56bfc062723c751e8b465ee728b)
Start importing Assets/Playing Cards/Resource/Prefab/BackColor_Black/Black_PlayingCards_Spade03_00.prefab using Guid(6e04802004627984c9f8a45567c831d5) Importer(815301076,1909f56bfc062723c751e8b465ee728b)  -> (artifact id: 'ad5ba97e0205664c5a6c854f2b8f2d18') in 0.007566 seconds
Number of updated asset objects reloaded before import = 0
Number of asset objects unloaded after import = 10
========================================================================
Received Import Request.
  Time since last request: 0.000016 seconds.
  path: Assets/Playing Cards/Resource/Prefab/BackColor_Black/Black_ManyDeck_00.prefab
  artifactKey: Guid(3a44067c0ee743248a1cac0132a41d0b) Importer(815301076,1909f56bfc062723c751e8b465ee728b)
Start importing Assets/Playing Cards/Resource/Prefab/BackColor_Black/Black_ManyDeck_00.prefab using Guid(3a44067c0ee743248a1cac0132a41d0b) Importer(815301076,1909f56bfc062723c751e8b465ee728b)  -> (artifact id: '487736ce52152a1d8d8ae569af197dfe') in 0.014797 seconds
Number of updated asset objects reloaded before import = 0
Number of asset objects unloaded after import = 10
========================================================================
Received Import Request.
  Time since last request: 0.000018 seconds.
  path: Assets/Playing Cards/Resource/Prefab/BackColor_Black/Black_PlayingCards_Club02_00.prefab
  artifactKey: Guid(6c9b2965e4120f541b883fbb75e502f1) Importer(815301076,1909f56bfc062723c751e8b465ee728b)
Start importing Assets/Playing Cards/Resource/Prefab/BackColor_Black/Black_PlayingCards_Club02_00.prefab using Guid(6c9b2965e4120f541b883fbb75e502f1) Importer(815301076,1909f56bfc062723c751e8b465ee728b)  -> (artifact id: 'a15e25511e365c1429f8eb93cf9fc48c') in 0.006181 seconds
Number of updated asset objects reloaded before import = 0
Number of asset objects unloaded after import = 10
========================================================================
Received Import Request.
  Time since last request: 0.000015 seconds.
  path: Assets/Playing Cards/Resource/Prefab/BackColor_Black/Black_PlayingCards_Diamond11_00.prefab
  artifactKey: Guid(68b65760d33ca964aac9df6a35aa8477) Importer(815301076,1909f56bfc062723c751e8b465ee728b)
Start importing Assets/Playing Cards/Resource/Prefab/BackColor_Black/Black_PlayingCards_Diamond11_00.prefab using Guid(68b65760d33ca964aac9df6a35aa8477) Importer(815301076,1909f56bfc062723c751e8b465ee728b)  -> (artifact id: '331d05f42553e4644e1f84d4bd670d09') in 0.006874 seconds
Number of updated asset objects reloaded before import = 0
Number of asset objects unloaded after import = 10
========================================================================
Received Import Request.
  Time since last request: 0.000013 seconds.
  path: Assets/Playing Cards/Resource/Prefab/BackColor_Black/Black_PlayingCards_Club10_00.prefab
  artifactKey: Guid(f2e2ae48b75ab8c4cafd48f22558099c) Importer(815301076,1909f56bfc062723c751e8b465ee728b)
Start importing Assets/Playing Cards/Resource/Prefab/BackColor_Black/Black_PlayingCards_Club10_00.prefab using Guid(f2e2ae48b75ab8c4cafd48f22558099c) Importer(815301076,1909f56bfc062723c751e8b465ee728b)  -> (artifact id: 'caa991ae7dfb08456ed51d0fe948c966') in 0.006097 seconds
Number of updated asset objects reloaded before import = 0
Number of asset objects unloaded after import = 10
========================================================================
Received Import Request.
  Time since last request: 29.367045 seconds.
  path: Assets/Playing Cards/Resource/Prefab/CasinoItem
  artifactKey: Guid(ccb2ce0b134082341a494b0214b1c75a) Importer(815301076,1909f56bfc062723c751e8b465ee728b)
Start importing Assets/Playing Cards/Resource/Prefab/CasinoItem using Guid(ccb2ce0b134082341a494b0214b1c75a) Importer(815301076,1909f56bfc062723c751e8b465ee728b)  -> (artifact id: 'c357d8d869f5d10f85bd7ac869a3ec13') in 0.000566 seconds
Number of updated asset objects reloaded before import = 0
Number of asset objects unloaded after import = 0
========================================================================
Received Import Request.
  Time since last request: 479.784606 seconds.
  path: Assets
  artifactKey: Guid(00000000000000001000000000000000) Importer(815301076,1909f56bfc062723c751e8b465ee728b)
Start importing Assets using Guid(00000000000000001000000000000000) Importer(815301076,1909f56bfc062723c751e8b465ee728b)  -> (artifact id: '8a4fe85251aa2e89732c359432baa2c3') in 0.000750 seconds
Number of updated asset objects reloaded before import = 0
Number of asset objects unloaded after import = 0
========================================================================
Received Import Request.
  Time since last request: 5.651310 seconds.
  path: Assets/New Material.mat
  artifactKey: Guid(7da702c8a29eb1742be395edca48beae) Importer(815301076,1909f56bfc062723c751e8b465ee728b)
Start importing Assets/New Material.mat using Guid(7da702c8a29eb1742be395edca48beae) Importer(815301076,1909f56bfc062723c751e8b465ee728b)  -> (artifact id: '78ea0d8ae1c7ddfd8061b9f24362bf2a') in 0.015347 seconds
Number of updated asset objects reloaded before import = 0
Number of asset objects unloaded after import = 1
========================================================================
Received Import Request.
  Time since last request: 3.264687 seconds.
  path: Assets/wall.mat
  artifactKey: Guid(7da702c8a29eb1742be395edca48beae) Importer(815301076,1909f56bfc062723c751e8b465ee728b)
Start importing Assets/wall.mat using Guid(7da702c8a29eb1742be395edca48beae) Importer(815301076,1909f56bfc062723c751e8b465ee728b)  -> (artifact id: 'cf880e35de94356dcaf2320b170fcc16') in 0.015085 seconds
Number of updated asset objects reloaded before import = 0
Number of asset objects unloaded after import = 1
========================================================================
Received Import Request.
  Time since last request: 158.393756 seconds.
  path: Assets/background 1.stl
  artifactKey: Guid(c1fcbc6db9ffe8447af4e2f3f38e6a3a) Importer(815301076,1909f56bfc062723c751e8b465ee728b)
Start importing Assets/background 1.stl using Guid(c1fcbc6db9ffe8447af4e2f3f38e6a3a) Importer(815301076,1909f56bfc062723c751e8b465ee728b)  -> (artifact id: '69dfc7be845838d19fd2e431c252b209') in 0.000877 seconds
Number of updated asset objects reloaded before import = 0
Number of asset objects unloaded after import = 1
========================================================================
Received Import Request.
  Time since last request: 3.904280 seconds.
  path: Assets/background.stl
  artifactKey: Guid(493323c0c09742f408cbba497e02c383) Importer(815301076,1909f56bfc062723c751e8b465ee728b)
Start importing Assets/background.stl using Guid(493323c0c09742f408cbba497e02c383) Importer(815301076,1909f56bfc062723c751e8b465ee728b)  -> (artifact id: 'b0843dc5b8ca9dc45bf5a830c0fdc705') in 0.000995 seconds
Number of updated asset objects reloaded before import = 0
Number of asset objects unloaded after import = 1
========================================================================
Received Import Request.
  Time since last request: 1025.330798 seconds.
  path: Assets/wall.mat
  artifactKey: Guid(7da702c8a29eb1742be395edca48beae) Importer(815301076,1909f56bfc062723c751e8b465ee728b)
Start importing Assets/wall.mat using Guid(7da702c8a29eb1742be395edca48beae) Importer(815301076,1909f56bfc062723c751e8b465ee728b)  -> (artifact id: '6b4f912406e6af52b5580f18d7c1e053') in 0.029287 seconds
Number of updated asset objects reloaded before import = 0
Number of asset objects unloaded after import = 1
